# JRE version: OpenJDK Runtime Environment Corretto-18.0.2.9.1 (18.0.2+9) (build 18.0.2+9-FR)
# Java VM: OpenJDK 64-Bit Server VM Corretto-18.0.2.9.1 (18.0.2+9-FR, mixed mode, sharing, tiered, compressed oops, compressed class ptrs, g1 gc, windows-amd64)
GC Precious Log:
 CardTable entry size: 512
 Card Set container configuration: InlinePtr #cards 5 size 8 Array Of Cards #cards 12 size 40 Howl #buckets 4 coarsen threshold 1843 Howl Bitmap #cards 512 size 80 coarsen threshold 460 Card regions per heap region 1 cards per card region 2048
 CPUs: 4 total, 4 available
 Memory: 4012M
 Large Page Support: Disabled
 NUMA Support: Disabled
 Compressed Oops: Enabled (32-bit)
 Heap Region Size: 1M
 Heap Min Capacity: 8M
 Heap Initial Capacity: 64M
 Heap Max Capacity: 1004M
 Pre-touch: Disabled
 Parallel Workers: 4
 Concurrent Workers: 1
 Concurrent Refinement Workers: 4
 Periodic GC: Disabled
Heap:
 garbage-first heap   total 40960K, used 19127K [0x00000000c1400000, 0x0000000100000000)
  region size 1024K, 2 young (2048K), 2 survivors (2048K)
 Metaspace       used 34728K, committed 35328K, reserved 1114112K
  class space    used 4486K, committed 4800K, reserved 1048576K
GC Heap History (20 events):
Event: 2.073 GC heap after
{Heap after GC invocations=1 (full 0):
 garbage-first heap   total 65536K, used 4584K [0x00000000c1400000, 0x0000000100000000)
  region size 1024K, 2 young (2048K), 2 survivors (2048K)
 Metaspace       used 4025K, committed 4224K, reserved 1114112K
  class space    used 408K, committed 512K, reserved 1048576K
}
Event: 3.091 GC heap before
{Heap before GC invocations=1 (full 0):
 garbage-first heap   total 65536K, used 15848K [0x00000000c1400000, 0x0000000100000000)
  region size 1024K, 13 young (13312K), 2 survivors (2048K)
 Metaspace       used 6950K, committed 7168K, reserved 1114112K
  class space    used 787K, committed 896K, reserved 1048576K
}
Event: 3.099 GC heap after
{Heap after GC invocations=2 (full 0):
 garbage-first heap   total 65536K, used 5427K [0x00000000c1400000, 0x0000000100000000)
  region size 1024K, 1 young (1024K), 1 survivors (1024K)
 Metaspace       used 6950K, committed 7168K, reserved 1114112K
  class space    used 787K, committed 896K, reserved 1048576K
}
Event: 4.483 GC heap before
{Heap before GC invocations=2 (full 0):
 garbage-first heap   total 65536K, used 26931K [0x00000000c1400000, 0x0000000100000000)
  region size 1024K, 23 young (23552K), 1 survivors (1024K)
 Metaspace       used 12315K, committed 12608K, reserved 1114112K
  class space    used 1581K, committed 1728K, reserved 1048576K
}
Event: 4.489 GC heap after
{Heap after GC invocations=3 (full 0):
 garbage-first heap   total 65536K, used 7151K [0x00000000c1400000, 0x0000000100000000)
  region size 1024K, 3 young (3072K), 3 survivors (3072K)
 Metaspace       used 12315K, committed 12608K, reserved 1114112K
  class space    used 1581K, committed 1728K, reserved 1048576K
}
Event: 5.812 GC heap before
{Heap before GC invocations=3 (full 0):
 garbage-first heap   total 65536K, used 39919K [0x00000000c1400000, 0x0000000100000000)
  region size 1024K, 36 young (36864K), 3 survivors (3072K)
 Metaspace       used 19384K, committed 19712K, reserved 1114112K
  class space    used 2422K, committed 2560K, reserved 1048576K
}
Event: 5.828 GC heap after
{Heap after GC invocations=4 (full 0):
 garbage-first heap   total 65536K, used 9694K [0x00000000c1400000, 0x0000000100000000)
  region size 1024K, 5 young (5120K), 5 survivors (5120K)
 Metaspace       used 19384K, committed 19712K, reserved 1114112K
  class space    used 2422K, committed 2560K, reserved 1048576K
}
Event: 6.590 GC heap before
{Heap before GC invocations=4 (full 0):
 garbage-first heap   total 65536K, used 24030K [0x00000000c1400000, 0x0000000100000000)
  region size 1024K, 21 young (21504K), 5 survivors (5120K)
 Metaspace       used 21293K, committed 21504K, reserved 1114112K
  class space    used 2649K, committed 2752K, reserved 1048576K
}
Event: 6.601 GC heap after
{Heap after GC invocations=5 (full 0):
 garbage-first heap   total 65536K, used 11036K [0x00000000c1400000, 0x0000000100000000)
  region size 1024K, 4 young (4096K), 4 survivors (4096K)
 Metaspace       used 21293K, committed 21504K, reserved 1114112K
  class space    used 2649K, committed 2752K, reserved 1048576K
}
Event: 8.337 GC heap before
{Heap before GC invocations=6 (full 0):
 garbage-first heap   total 40960K, used 30492K [0x00000000c1400000, 0x0000000100000000)
  region size 1024K, 24 young (24576K), 4 survivors (4096K)
 Metaspace       used 24932K, committed 25344K, reserved 1114112K
  class space    used 3140K, committed 3328K, reserved 1048576K
}
Event: 8.349 GC heap after
{Heap after GC invocations=7 (full 0):
 garbage-first heap   total 40960K, used 12791K [0x00000000c1400000, 0x0000000100000000)
  region size 1024K, 2 young (2048K), 2 survivors (2048K)
 Metaspace       used 24932K, committed 25344K, reserved 1114112K
  class space    used 3140K, committed 3328K, reserved 1048576K
}
Event: 8.491 GC heap before
{Heap before GC invocations=7 (full 0):
 garbage-first heap   total 40960K, used 13815K [0x00000000c1400000, 0x0000000100000000)
  region size 1024K, 3 young (3072K), 2 survivors (2048K)
 Metaspace       used 25278K, committed 25600K, reserved 1114112K
  class space    used 3179K, committed 3328K, reserved 1048576K
}
Event: 8.497 GC heap after
{Heap after GC invocations=8 (full 0):
 garbage-first heap   total 40960K, used 13228K [0x00000000c1400000, 0x0000000100000000)
  region size 1024K, 1 young (1024K), 1 survivors (1024K)
 Metaspace       used 25278K, committed 25600K, reserved 1114112K
  class space    used 3179K, committed 3328K, reserved 1048576K
}
Event: 10.351 GC heap before
{Heap before GC invocations=8 (full 0):
 garbage-first heap   total 40960K, used 27564K [0x00000000c1400000, 0x0000000100000000)
  region size 1024K, 16 young (16384K), 1 survivors (1024K)
 Metaspace       used 28271K, committed 28864K, reserved 1114112K
  class space    used 3565K, committed 3840K, reserved 1048576K
}
Event: 10.356 GC heap after
{Heap after GC invocations=9 (full 0):
 garbage-first heap   total 40960K, used 14316K [0x00000000c1400000, 0x0000000100000000)
  region size 1024K, 2 young (2048K), 2 survivors (2048K)
 Metaspace       used 28271K, committed 28864K, reserved 1114112K
  class space    used 3565K, committed 3840K, reserved 1048576K
}
Event: 11.337 GC heap before
{Heap before GC invocations=9 (full 0):
 garbage-first heap   total 40960K, used 29676K [0x00000000c1400000, 0x0000000100000000)
  region size 1024K, 17 young (17408K), 2 survivors (2048K)
 Metaspace       used 30355K, committed 30912K, reserved 1114112K
  class space    used 3873K, committed 4160K, reserved 1048576K
}
Event: 11.345 GC heap after
{Heap after GC invocations=10 (full 0):
 garbage-first heap   total 40960K, used 16057K [0x00000000c1400000, 0x0000000100000000)
  region size 1024K, 3 young (3072K), 3 survivors (3072K)
 Metaspace       used 30355K, committed 30912K, reserved 1114112K
  class space    used 3873K, committed 4160K, reserved 1048576K
}
Event: 12.189 GC heap before
{Heap before GC invocations=10 (full 0):
 garbage-first heap   total 40960K, used 29369K [0x00000000c1400000, 0x0000000100000000)
  region size 1024K, 17 young (17408K), 3 survivors (3072K)
 Metaspace       used 33088K, committed 33664K, reserved 1114112K
  class space    used 4271K, committed 4544K, reserved 1048576K
}
Event: 12.200 GC heap after
{Heap after GC invocations=11 (full 0):
 garbage-first heap   total 40960K, used 17739K [0x00000000c1400000, 0x0000000100000000)
  region size 1024K, 2 young (2048K), 2 survivors (2048K)
 Metaspace       used 33088K, committed 33664K, reserved 1114112K
  class space    used 4271K, committed 4544K, reserved 1048576K
}
Event: 12.993 GC heap before
{Heap before GC invocations=11 (full 0):
 garbage-first heap   total 40960K, used 31051K [0x00000000c1400000, 0x0000000100000000)
  region size 1024K, 15 young (15360K), 2 survivors (2048K)
 Metaspace       used 34728K, committed 35328K, reserved 1114112K
  class space    used 4486K, committed 4800K, reserved 1048576K
}

