# JRE version: OpenJDK Runtime Environment Corretto-18.0.2.9.1 (18.0.2+9) (build 18.0.2+9-FR)
# Java VM: OpenJDK 64-Bit Server VM Corretto-18.0.2.9.1 (18.0.2+9-FR, mixed mode, sharing, tiered, compressed oops, compressed class ptrs, g1 gc, windows-amd64)
GC Precious Log:
 CardTable entry size: 512
 Card Set container configuration: InlinePtr #cards 5 size 8 Array Of Cards #cards 12 size 40 Howl #buckets 4 coarsen threshold 1843 Howl Bitmap #cards 512 size 80 coarsen threshold 460 Card regions per heap region 1 cards per card region 2048
 CPUs: 4 total, 4 available
 Memory: 4012M
 Large Page Support: Disabled
 NUMA Support: Disabled
 Compressed Oops: Enabled (32-bit)
 Heap Region Size: 1M
 Heap Min Capacity: 8M
 Heap Initial Capacity: 64M
 Heap Max Capacity: 1004M
 Pre-touch: Disabled
 Parallel Workers: 4
 Concurrent Workers: 1
 Concurrent Refinement Workers: 4
 Periodic GC: Disabled
Heap:
 garbage-first heap   total 45056K, used 28157K [0x00000000c1400000, 0x0000000100000000)
  region size 1024K, 15 young (15360K), 3 survivors (3072K)
 Metaspace       used 33813K, committed 34432K, reserved 1114112K
  class space    used 4367K, committed 4672K, reserved 1048576K
GC Heap History (18 events):
Event: 1.903 GC heap before
{Heap before GC invocations=0 (full 0):
 garbage-first heap   total 65536K, used 12288K [0x00000000c1400000, 0x0000000100000000)
  region size 1024K, 13 young (13312K), 0 survivors (0K)
 Metaspace       used 4007K, committed 4224K, reserved 1114112K
  class space    used 407K, committed 512K, reserved 1048576K
}
Event: 1.932 GC heap after
{Heap after GC invocations=1 (full 0):
 garbage-first heap   total 65536K, used 4523K [0x00000000c1400000, 0x0000000100000000)
  region size 1024K, 2 young (2048K), 2 survivors (2048K)
 Metaspace       used 4007K, committed 4224K, reserved 1114112K
  class space    used 407K, committed 512K, reserved 1048576K
}
Event: 2.926 GC heap before
{Heap before GC invocations=1 (full 0):
 garbage-first heap   total 65536K, used 15787K [0x00000000c1400000, 0x0000000100000000)
  region size 1024K, 13 young (13312K), 2 survivors (2048K)
 Metaspace       used 6877K, committed 7104K, reserved 1114112K
  class space    used 781K, committed 896K, reserved 1048576K
}
Event: 2.932 GC heap after
{Heap after GC invocations=2 (full 0):
 garbage-first heap   total 65536K, used 5502K [0x00000000c1400000, 0x0000000100000000)
  region size 1024K, 1 young (1024K), 1 survivors (1024K)
 Metaspace       used 6877K, committed 7104K, reserved 1114112K
  class space    used 781K, committed 896K, reserved 1048576K
}
Event: 4.224 GC heap before
{Heap before GC invocations=2 (full 0):
 garbage-first heap   total 65536K, used 28030K [0x00000000c1400000, 0x0000000100000000)
  region size 1024K, 23 young (23552K), 1 survivors (1024K)
 Metaspace       used 12211K, committed 12544K, reserved 1114112K
  class space    used 1573K, committed 1728K, reserved 1048576K
}
Event: 4.230 GC heap after
{Heap after GC invocations=3 (full 0):
 garbage-first heap   total 65536K, used 7163K [0x00000000c1400000, 0x0000000100000000)
  region size 1024K, 3 young (3072K), 3 survivors (3072K)
 Metaspace       used 12211K, committed 12544K, reserved 1114112K
  class space    used 1573K, committed 1728K, reserved 1048576K
}
Event: 5.646 GC heap before
{Heap before GC invocations=3 (full 0):
 garbage-first heap   total 65536K, used 39931K [0x00000000c1400000, 0x0000000100000000)
  region size 1024K, 36 young (36864K), 3 survivors (3072K)
 Metaspace       used 19775K, committed 20096K, reserved 1114112K
  class space    used 2476K, committed 2624K, reserved 1048576K
}
Event: 5.658 GC heap after
{Heap after GC invocations=4 (full 0):
 garbage-first heap   total 65536K, used 9962K [0x00000000c1400000, 0x0000000100000000)
  region size 1024K, 5 young (5120K), 5 survivors (5120K)
 Metaspace       used 19775K, committed 20096K, reserved 1114112K
  class space    used 2476K, committed 2624K, reserved 1048576K
}
Event: 6.701 GC heap before
{Heap before GC invocations=4 (full 0):
 garbage-first heap   total 65536K, used 24298K [0x00000000c1400000, 0x0000000100000000)
  region size 1024K, 20 young (20480K), 5 survivors (5120K)
 Metaspace       used 21293K, committed 21504K, reserved 1114112K
  class space    used 2649K, committed 2752K, reserved 1048576K
}
Event: 6.712 GC heap after
{Heap after GC invocations=5 (full 0):
 garbage-first heap   total 65536K, used 11102K [0x00000000c1400000, 0x0000000100000000)
  region size 1024K, 2 young (2048K), 2 survivors (2048K)
 Metaspace       used 21293K, committed 21504K, reserved 1114112K
  class space    used 2649K, committed 2752K, reserved 1048576K
}
Event: 8.240 GC heap before
{Heap before GC invocations=6 (full 0):
 garbage-first heap   total 45056K, used 35678K [0x00000000c1400000, 0x0000000100000000)
  region size 1024K, 26 young (26624K), 2 survivors (2048K)
 Metaspace       used 25662K, committed 26048K, reserved 1114112K
  class space    used 3244K, committed 3392K, reserved 1048576K
}
Event: 8.253 GC heap after
{Heap after GC invocations=7 (full 0):
 garbage-first heap   total 45056K, used 13131K [0x00000000c1400000, 0x0000000100000000)
  region size 1024K, 4 young (4096K), 4 survivors (4096K)
 Metaspace       used 25662K, committed 26048K, reserved 1114112K
  class space    used 3244K, committed 3392K, reserved 1048576K
}
Event: 8.356 GC heap before
{Heap before GC invocations=7 (full 0):
 garbage-first heap   total 45056K, used 14155K [0x00000000c1400000, 0x0000000100000000)
  region size 1024K, 5 young (5120K), 4 survivors (4096K)
 Metaspace       used 25818K, committed 26176K, reserved 1114112K
  class space    used 3285K, committed 3456K, reserved 1048576K
}
Event: 8.365 GC heap after
{Heap after GC invocations=8 (full 0):
 garbage-first heap   total 45056K, used 13719K [0x00000000c1400000, 0x0000000100000000)
  region size 1024K, 1 young (1024K), 1 survivors (1024K)
 Metaspace       used 25818K, committed 26176K, reserved 1114112K
  class space    used 3285K, committed 3456K, reserved 1048576K
}
Event: 9.355 GC heap before
{Heap before GC invocations=8 (full 0):
 garbage-first heap   total 45056K, used 30103K [0x00000000c1400000, 0x0000000100000000)
  region size 1024K, 18 young (18432K), 1 survivors (1024K)
 Metaspace       used 29258K, committed 29824K, reserved 1114112K
  class space    used 3701K, committed 3968K, reserved 1048576K
}
Event: 9.360 GC heap after
{Heap after GC invocations=9 (full 0):
 garbage-first heap   total 45056K, used 14706K [0x00000000c1400000, 0x0000000100000000)
  region size 1024K, 2 young (2048K), 2 survivors (2048K)
 Metaspace       used 29258K, committed 29824K, reserved 1114112K
  class space    used 3701K, committed 3968K, reserved 1048576K
}
Event: 10.758 GC heap before
{Heap before GC invocations=9 (full 0):
 garbage-first heap   total 45056K, used 32114K [0x00000000c1400000, 0x0000000100000000)
  region size 1024K, 19 young (19456K), 2 survivors (2048K)
 Metaspace       used 31745K, committed 32384K, reserved 1114112K
  class space    used 4081K, committed 4352K, reserved 1048576K
}
Event: 10.766 GC heap after
{Heap after GC invocations=10 (full 0):
 garbage-first heap   total 45056K, used 16893K [0x00000000c1400000, 0x0000000100000000)
  region size 1024K, 3 young (3072K), 3 survivors (3072K)
 Metaspace       used 31745K, committed 32384K, reserved 1114112K
  class space    used 4081K, committed 4352K, reserved 1048576K
}

