# JRE version: OpenJDK Runtime Environment Corretto-18.0.2.9.1 (18.0.2+9) (build 18.0.2+9-FR)
# Java VM: OpenJDK 64-Bit Server VM Corretto-18.0.2.9.1 (18.0.2+9-FR, mixed mode, sharing, tiered, compressed oops, compressed class ptrs, g1 gc, windows-amd64)
GC Precious Log:
 CardTable entry size: 512
 Card Set container configuration: InlinePtr #cards 5 size 8 Array Of Cards #cards 12 size 40 Howl #buckets 4 coarsen threshold 1843 Howl Bitmap #cards 512 size 80 coarsen threshold 460 Card regions per heap region 1 cards per card region 2048
 CPUs: 4 total, 4 available
 Memory: 4012M
 Large Page Support: Disabled
 NUMA Support: Disabled
 Compressed Oops: Enabled (32-bit)
 Heap Region Size: 1M
 Heap Min Capacity: 8M
 Heap Initial Capacity: 64M
 Heap Max Capacity: 1004M
 Pre-touch: Disabled
 Parallel Workers: 4
 Concurrent Workers: 1
 Concurrent Refinement Workers: 4
 Periodic GC: Disabled
Heap:
 garbage-first heap   total 45056K, used 29608K [0x00000000c1400000, 0x0000000100000000)
  region size 1024K, 16 young (16384K), 2 survivors (2048K)
 Metaspace       used 34898K, committed 35584K, reserved 1114112K
  class space    used 4427K, committed 4736K, reserved 1048576K
GC Heap History (18 events):
Event: 6.369 GC heap before
{Heap before GC invocations=0 (full 0):
 garbage-first heap   total 65536K, used 12288K [0x00000000c1400000, 0x0000000100000000)
  region size 1024K, 13 young (13312K), 0 survivors (0K)
 Metaspace       used 4032K, committed 4224K, reserved 1114112K
  class space    used 407K, committed 512K, reserved 1048576K
}
Event: 6.528 GC heap after
{Heap after GC invocations=1 (full 0):
 garbage-first heap   total 65536K, used 4368K [0x00000000c1400000, 0x0000000100000000)
  region size 1024K, 2 young (2048K), 2 survivors (2048K)
 Metaspace       used 4032K, committed 4224K, reserved 1114112K
  class space    used 407K, committed 512K, reserved 1048576K
}
Event: 10.447 GC heap before
{Heap before GC invocations=1 (full 0):
 garbage-first heap   total 65536K, used 14608K [0x00000000c1400000, 0x0000000100000000)
  region size 1024K, 13 young (13312K), 2 survivors (2048K)
 Metaspace       used 6986K, committed 7232K, reserved 1114112K
  class space    used 791K, committed 896K, reserved 1048576K
}
Event: 10.454 GC heap after
{Heap after GC invocations=2 (full 0):
 garbage-first heap   total 65536K, used 5323K [0x00000000c1400000, 0x0000000100000000)
  region size 1024K, 1 young (1024K), 1 survivors (1024K)
 Metaspace       used 6986K, committed 7232K, reserved 1114112K
  class space    used 791K, committed 896K, reserved 1048576K
}
Event: 13.184 GC heap before
{Heap before GC invocations=2 (full 0):
 garbage-first heap   total 65536K, used 27851K [0x00000000c1400000, 0x0000000100000000)
  region size 1024K, 24 young (24576K), 1 survivors (1024K)
 Metaspace       used 12841K, committed 13120K, reserved 1114112K
  class space    used 1482K, committed 1600K, reserved 1048576K
}
Event: 13.192 GC heap after
{Heap after GC invocations=3 (full 0):
 garbage-first heap   total 65536K, used 7243K [0x00000000c1400000, 0x0000000100000000)
  region size 1024K, 3 young (3072K), 3 survivors (3072K)
 Metaspace       used 12841K, committed 13120K, reserved 1114112K
  class space    used 1482K, committed 1600K, reserved 1048576K
}
Event: 15.541 GC heap before
{Heap before GC invocations=3 (full 0):
 garbage-first heap   total 65536K, used 38987K [0x00000000c1400000, 0x0000000100000000)
  region size 1024K, 35 young (35840K), 3 survivors (3072K)
 Metaspace       used 18308K, committed 18624K, reserved 1114112K
  class space    used 2193K, committed 2368K, reserved 1048576K
}
Event: 15.556 GC heap after
{Heap after GC invocations=4 (full 0):
 garbage-first heap   total 65536K, used 10210K [0x00000000c1400000, 0x0000000100000000)
  region size 1024K, 5 young (5120K), 5 survivors (5120K)
 Metaspace       used 18308K, committed 18624K, reserved 1114112K
  class space    used 2193K, committed 2368K, reserved 1048576K
}
Event: 24.052 GC heap before
{Heap before GC invocations=4 (full 0):
 garbage-first heap   total 65536K, used 27618K [0x00000000c1400000, 0x0000000100000000)
  region size 1024K, 23 young (23552K), 5 survivors (5120K)
 Metaspace       used 21146K, committed 21504K, reserved 1114112K
  class space    used 2561K, committed 2752K, reserved 1048576K
}
Event: 24.067 GC heap after
{Heap after GC invocations=5 (full 0):
 garbage-first heap   total 65536K, used 11581K [0x00000000c1400000, 0x0000000100000000)
  region size 1024K, 2 young (2048K), 2 survivors (2048K)
 Metaspace       used 21146K, committed 21504K, reserved 1114112K
  class space    used 2561K, committed 2752K, reserved 1048576K
}
Event: 26.542 GC heap before
{Heap before GC invocations=6 (full 0):
 garbage-first heap   total 45056K, used 36157K [0x00000000c1400000, 0x0000000100000000)
  region size 1024K, 26 young (26624K), 2 survivors (2048K)
 Metaspace       used 26196K, committed 26624K, reserved 1114112K
  class space    used 3222K, committed 3456K, reserved 1048576K
}
Event: 26.552 GC heap after
{Heap after GC invocations=7 (full 0):
 garbage-first heap   total 45056K, used 13365K [0x00000000c1400000, 0x0000000100000000)
  region size 1024K, 4 young (4096K), 4 survivors (4096K)
 Metaspace       used 26196K, committed 26624K, reserved 1114112K
  class space    used 3222K, committed 3456K, reserved 1048576K
}
Event: 26.642 GC heap before
{Heap before GC invocations=7 (full 0):
 garbage-first heap   total 45056K, used 14389K [0x00000000c1400000, 0x0000000100000000)
  region size 1024K, 5 young (5120K), 4 survivors (4096K)
 Metaspace       used 26395K, committed 26880K, reserved 1114112K
  class space    used 3247K, committed 3520K, reserved 1048576K
}
Event: 26.653 GC heap after
{Heap after GC invocations=8 (full 0):
 garbage-first heap   total 45056K, used 13643K [0x00000000c1400000, 0x0000000100000000)
  region size 1024K, 1 young (1024K), 1 survivors (1024K)
 Metaspace       used 26395K, committed 26880K, reserved 1114112K
  class space    used 3247K, committed 3520K, reserved 1048576K
}
Event: 27.628 GC heap before
{Heap before GC invocations=8 (full 0):
 garbage-first heap   total 45056K, used 30027K [0x00000000c1400000, 0x0000000100000000)
  region size 1024K, 18 young (18432K), 1 survivors (1024K)
 Metaspace       used 28921K, committed 29504K, reserved 1114112K
  class space    used 3622K, committed 3904K, reserved 1048576K
}
Event: 27.635 GC heap after
{Heap after GC invocations=9 (full 0):
 garbage-first heap   total 45056K, used 15427K [0x00000000c1400000, 0x0000000100000000)
  region size 1024K, 3 young (3072K), 3 survivors (3072K)
 Metaspace       used 28921K, committed 29504K, reserved 1114112K
  class space    used 3622K, committed 3904K, reserved 1048576K
}
Event: 28.499 GC heap before
{Heap before GC invocations=9 (full 0):
 garbage-first heap   total 45056K, used 30787K [0x00000000c1400000, 0x0000000100000000)
  region size 1024K, 19 young (19456K), 3 survivors (3072K)
 Metaspace       used 31573K, committed 32192K, reserved 1114112K
  class space    used 4009K, committed 4288K, reserved 1048576K
}
Event: 28.512 GC heap after
{Heap after GC invocations=10 (full 0):
 garbage-first heap   total 45056K, used 17320K [0x00000000c1400000, 0x0000000100000000)
  region size 1024K, 2 young (2048K), 2 survivors (2048K)
 Metaspace       used 31573K, committed 32192K, reserved 1114112K
  class space    used 4009K, committed 4288K, reserved 1048576K
}

