# JRE version: OpenJDK Runtime Environment Corretto-18.0.2.9.1 (18.0.2+9) (build 18.0.2+9-FR)
# Java VM: OpenJDK 64-Bit Server VM Corretto-18.0.2.9.1 (18.0.2+9-FR, mixed mode, sharing, tiered, compressed oops, compressed class ptrs, g1 gc, windows-amd64)
GC Precious Log:
 CardTable entry size: 512
 Card Set container configuration: InlinePtr #cards 5 size 8 Array Of Cards #cards 12 size 40 Howl #buckets 4 coarsen threshold 1843 Howl Bitmap #cards 512 size 80 coarsen threshold 460 Card regions per heap region 1 cards per card region 2048
 CPUs: 4 total, 4 available
 Memory: 4012M
 Large Page Support: Disabled
 NUMA Support: Disabled
 Compressed Oops: Enabled (32-bit)
 Heap Region Size: 1M
 Heap Min Capacity: 8M
 Heap Initial Capacity: 64M
 Heap Max Capacity: 1004M
 Pre-touch: Disabled
 Parallel Workers: 4
 Concurrent Workers: 1
 Concurrent Refinement Workers: 4
 Periodic GC: Disabled
Heap:
 garbage-first heap   total 48128K, used 23907K [0x00000000c1400000, 0x0000000100000000)
  region size 1024K, 10 young (10240K), 3 survivors (3072K)
 Metaspace       used 33520K, committed 34112K, reserved 1114112K
  class space    used 4332K, committed 4608K, reserved 1048576K
GC Heap History (16 events):
Event: 1.824 GC heap before
{Heap before GC invocations=0 (full 0):
 garbage-first heap   total 65536K, used 12288K [0x00000000c1400000, 0x0000000100000000)
  region size 1024K, 13 young (13312K), 0 survivors (0K)
 Metaspace       used 3964K, committed 4224K, reserved 1114112K
  class space    used 403K, committed 512K, reserved 1048576K
}
Event: 1.861 GC heap after
{Heap after GC invocations=1 (full 0):
 garbage-first heap   total 65536K, used 4582K [0x00000000c1400000, 0x0000000100000000)
  region size 1024K, 2 young (2048K), 2 survivors (2048K)
 Metaspace       used 3964K, committed 4224K, reserved 1114112K
  class space    used 403K, committed 512K, reserved 1048576K
}
Event: 2.774 GC heap before
{Heap before GC invocations=1 (full 0):
 garbage-first heap   total 65536K, used 15846K [0x00000000c1400000, 0x0000000100000000)
  region size 1024K, 13 young (13312K), 2 survivors (2048K)
 Metaspace       used 6874K, committed 7104K, reserved 1114112K
  class space    used 779K, committed 896K, reserved 1048576K
}
Event: 2.779 GC heap after
{Heap after GC invocations=2 (full 0):
 garbage-first heap   total 65536K, used 5677K [0x00000000c1400000, 0x0000000100000000)
  region size 1024K, 1 young (1024K), 1 survivors (1024K)
 Metaspace       used 6874K, committed 7104K, reserved 1114112K
  class space    used 779K, committed 896K, reserved 1048576K
}
Event: 4.217 GC heap before
{Heap before GC invocations=2 (full 0):
 garbage-first heap   total 65536K, used 28205K [0x00000000c1400000, 0x0000000100000000)
  region size 1024K, 23 young (23552K), 1 survivors (1024K)
 Metaspace       used 12250K, committed 12544K, reserved 1114112K
  class space    used 1576K, committed 1728K, reserved 1048576K
}
Event: 4.225 GC heap after
{Heap after GC invocations=3 (full 0):
 garbage-first heap   total 65536K, used 7319K [0x00000000c1400000, 0x0000000100000000)
  region size 1024K, 3 young (3072K), 3 survivors (3072K)
 Metaspace       used 12250K, committed 12544K, reserved 1114112K
  class space    used 1576K, committed 1728K, reserved 1048576K
}
Event: 5.719 GC heap before
{Heap before GC invocations=3 (full 0):
 garbage-first heap   total 65536K, used 40087K [0x00000000c1400000, 0x0000000100000000)
  region size 1024K, 36 young (36864K), 3 survivors (3072K)
 Metaspace       used 19296K, committed 19584K, reserved 1114112K
  class space    used 2408K, committed 2560K, reserved 1048576K
}
Event: 5.729 GC heap after
{Heap after GC invocations=4 (full 0):
 garbage-first heap   total 65536K, used 9924K [0x00000000c1400000, 0x0000000100000000)
  region size 1024K, 5 young (5120K), 5 survivors (5120K)
 Metaspace       used 19296K, committed 19584K, reserved 1114112K
  class space    used 2408K, committed 2560K, reserved 1048576K
}
Event: 6.571 GC heap before
{Heap before GC invocations=4 (full 0):
 garbage-first heap   total 65536K, used 23236K [0x00000000c1400000, 0x0000000100000000)
  region size 1024K, 20 young (20480K), 5 survivors (5120K)
 Metaspace       used 21285K, committed 21504K, reserved 1114112K
  class space    used 2648K, committed 2752K, reserved 1048576K
}
Event: 6.586 GC heap after
{Heap after GC invocations=5 (full 0):
 garbage-first heap   total 65536K, used 11498K [0x00000000c1400000, 0x0000000100000000)
  region size 1024K, 5 young (5120K), 5 survivors (5120K)
 Metaspace       used 21285K, committed 21504K, reserved 1114112K
  class space    used 2648K, committed 2752K, reserved 1048576K
}
Event: 8.171 GC heap before
{Heap before GC invocations=6 (full 0):
 garbage-first heap   total 48128K, used 34026K [0x00000000c1400000, 0x0000000100000000)
  region size 1024K, 28 young (28672K), 5 survivors (5120K)
 Metaspace       used 25555K, committed 25920K, reserved 1114112K
  class space    used 3225K, committed 3392K, reserved 1048576K
}
Event: 8.185 GC heap after
{Heap after GC invocations=7 (full 0):
 garbage-first heap   total 48128K, used 13423K [0x00000000c1400000, 0x0000000100000000)
  region size 1024K, 4 young (4096K), 4 survivors (4096K)
 Metaspace       used 25555K, committed 25920K, reserved 1114112K
  class space    used 3225K, committed 3392K, reserved 1048576K
}
Event: 9.172 GC heap before
{Heap before GC invocations=7 (full 0):
 garbage-first heap   total 48128K, used 31855K [0x00000000c1400000, 0x0000000100000000)
  region size 1024K, 23 young (23552K), 4 survivors (4096K)
 Metaspace       used 29277K, committed 29824K, reserved 1114112K
  class space    used 3706K, committed 3968K, reserved 1048576K
}
Event: 9.185 GC heap after
{Heap after GC invocations=8 (full 0):
 garbage-first heap   total 48128K, used 15137K [0x00000000c1400000, 0x0000000100000000)
  region size 1024K, 2 young (2048K), 2 survivors (2048K)
 Metaspace       used 29277K, committed 29824K, reserved 1114112K
  class space    used 3706K, committed 3968K, reserved 1048576K
}
Event: 10.278 GC heap before
{Heap before GC invocations=8 (full 0):
 garbage-first heap   total 48128K, used 34593K [0x00000000c1400000, 0x0000000100000000)
  region size 1024K, 21 young (21504K), 2 survivors (2048K)
 Metaspace       used 32248K, committed 32832K, reserved 1114112K
  class space    used 4163K, committed 4416K, reserved 1048576K
}
Event: 10.287 GC heap after
{Heap after GC invocations=9 (full 0):
 garbage-first heap   total 48128K, used 17763K [0x00000000c1400000, 0x0000000100000000)
  region size 1024K, 3 young (3072K), 3 survivors (3072K)
 Metaspace       used 32248K, committed 32832K, reserved 1114112K
  class space    used 4163K, committed 4416K, reserved 1048576K
}

