# JRE version: OpenJDK Runtime Environment Corretto-18.0.2.9.1 (18.0.2+9) (build 18.0.2+9-FR)
# Java VM: OpenJDK 64-Bit Server VM Corretto-18.0.2.9.1 (18.0.2+9-FR, mixed mode, sharing, tiered, compressed oops, compressed class ptrs, g1 gc, windows-amd64)
GC Precious Log:
 CardTable entry size: 512
 Card Set container configuration: InlinePtr #cards 5 size 8 Array Of Cards #cards 12 size 40 Howl #buckets 4 coarsen threshold 1843 Howl Bitmap #cards 512 size 80 coarsen threshold 460 Card regions per heap region 1 cards per card region 2048
 CPUs: 4 total, 4 available
 Memory: 4012M
 Large Page Support: Disabled
 NUMA Support: Disabled
 Compressed Oops: Enabled (32-bit)
 Heap Region Size: 1M
 Heap Min Capacity: 8M
 Heap Initial Capacity: 64M
 Heap Max Capacity: 1004M
 Pre-touch: Disabled
 Parallel Workers: 4
 Concurrent Workers: 1
 Concurrent Refinement Workers: 4
 Periodic GC: Disabled
Heap:
 garbage-first heap   total 45056K, used 29279K [0x00000000c1400000, 0x0000000100000000)
  region size 1024K, 15 young (15360K), 2 survivors (2048K)
 Metaspace       used 32797K, committed 33408K, reserved 1114112K
  class space    used 4115K, committed 4416K, reserved 1048576K
GC Heap History (16 events):
Event: 3.429 GC heap before
{Heap before GC invocations=0 (full 0):
 garbage-first heap   total 65536K, used 12288K [0x00000000c1400000, 0x0000000100000000)
  region size 1024K, 13 young (13312K), 0 survivors (0K)
 Metaspace       used 2827K, committed 3008K, reserved 1114112K
  class space    used 269K, committed 384K, reserved 1048576K
}
Event: 3.468 GC heap after
{Heap after GC invocations=1 (full 0):
 garbage-first heap   total 65536K, used 3905K [0x00000000c1400000, 0x0000000100000000)
  region size 1024K, 2 young (2048K), 2 survivors (2048K)
 Metaspace       used 2827K, committed 3008K, reserved 1114112K
  class space    used 269K, committed 384K, reserved 1048576K
}
Event: 4.590 GC heap before
{Heap before GC invocations=1 (full 0):
 garbage-first heap   total 65536K, used 17217K [0x00000000c1400000, 0x0000000100000000)
  region size 1024K, 15 young (15360K), 2 survivors (2048K)
 Metaspace       used 5880K, committed 6144K, reserved 1114112K
  class space    used 654K, committed 768K, reserved 1048576K
}
Event: 4.595 GC heap after
{Heap after GC invocations=2 (full 0):
 garbage-first heap   total 65536K, used 4740K [0x00000000c1400000, 0x0000000100000000)
  region size 1024K, 1 young (1024K), 1 survivors (1024K)
 Metaspace       used 5880K, committed 6144K, reserved 1114112K
  class space    used 654K, committed 768K, reserved 1048576K
}
Event: 5.801 GC heap before
{Heap before GC invocations=2 (full 0):
 garbage-first heap   total 65536K, used 27268K [0x00000000c1400000, 0x0000000100000000)
  region size 1024K, 24 young (24576K), 1 survivors (1024K)
 Metaspace       used 10838K, committed 11136K, reserved 1114112K
  class space    used 1268K, committed 1408K, reserved 1048576K
}
Event: 5.808 GC heap after
{Heap after GC invocations=3 (full 0):
 garbage-first heap   total 65536K, used 6071K [0x00000000c1400000, 0x0000000100000000)
  region size 1024K, 3 young (3072K), 3 survivors (3072K)
 Metaspace       used 10838K, committed 11136K, reserved 1114112K
  class space    used 1268K, committed 1408K, reserved 1048576K
}
Event: 7.334 GC heap before
{Heap before GC invocations=3 (full 0):
 garbage-first heap   total 65536K, used 38839K [0x00000000c1400000, 0x0000000100000000)
  region size 1024K, 36 young (36864K), 3 survivors (3072K)
 Metaspace       used 17299K, committed 17600K, reserved 1114112K
  class space    used 2074K, committed 2240K, reserved 1048576K
}
Event: 7.347 GC heap after
{Heap after GC invocations=4 (full 0):
 garbage-first heap   total 65536K, used 9192K [0x00000000c1400000, 0x0000000100000000)
  region size 1024K, 5 young (5120K), 5 survivors (5120K)
 Metaspace       used 17299K, committed 17600K, reserved 1114112K
  class space    used 2074K, committed 2240K, reserved 1048576K
}
Event: 9.410 GC heap before
{Heap before GC invocations=4 (full 0):
 garbage-first heap   total 65536K, used 40936K [0x00000000c1400000, 0x0000000100000000)
  region size 1024K, 38 young (38912K), 5 survivors (5120K)
 Metaspace       used 21206K, committed 21504K, reserved 1114112K
  class space    used 2541K, committed 2688K, reserved 1048576K
}
Event: 9.423 GC heap after
{Heap after GC invocations=5 (full 0):
 garbage-first heap   total 65536K, used 11523K [0x00000000c1400000, 0x0000000100000000)
  region size 1024K, 3 young (3072K), 3 survivors (3072K)
 Metaspace       used 21206K, committed 21504K, reserved 1114112K
  class space    used 2541K, committed 2688K, reserved 1048576K
}
Event: 10.937 GC heap before
{Heap before GC invocations=6 (full 0):
 garbage-first heap   total 45056K, used 34051K [0x00000000c1400000, 0x0000000100000000)
  region size 1024K, 26 young (26624K), 3 survivors (3072K)
 Metaspace       used 25700K, committed 26112K, reserved 1114112K
  class space    used 3125K, committed 3328K, reserved 1048576K
}
Event: 10.947 GC heap after
{Heap after GC invocations=7 (full 0):
 garbage-first heap   total 45056K, used 13513K [0x00000000c1400000, 0x0000000100000000)
  region size 1024K, 3 young (3072K), 3 survivors (3072K)
 Metaspace       used 25700K, committed 26112K, reserved 1114112K
  class space    used 3125K, committed 3328K, reserved 1048576K
}
Event: 12.152 GC heap before
{Heap before GC invocations=7 (full 0):
 garbage-first heap   total 45056K, used 30921K [0x00000000c1400000, 0x0000000100000000)
  region size 1024K, 20 young (20480K), 3 survivors (3072K)
 Metaspace       used 28150K, committed 28736K, reserved 1114112K
  class space    used 3466K, committed 3712K, reserved 1048576K
}
Event: 12.161 GC heap after
{Heap after GC invocations=8 (full 0):
 garbage-first heap   total 45056K, used 15452K [0x00000000c1400000, 0x0000000100000000)
  region size 1024K, 2 young (2048K), 2 survivors (2048K)
 Metaspace       used 28150K, committed 28736K, reserved 1114112K
  class space    used 3466K, committed 3712K, reserved 1048576K
}
Event: 13.214 GC heap before
{Heap before GC invocations=8 (full 0):
 garbage-first heap   total 45056K, used 32860K [0x00000000c1400000, 0x0000000100000000)
  region size 1024K, 19 young (19456K), 2 survivors (2048K)
 Metaspace       used 31091K, committed 31616K, reserved 1114112K
  class space    used 3893K, committed 4160K, reserved 1048576K
}
Event: 13.224 GC heap after
{Heap after GC invocations=9 (full 0):
 garbage-first heap   total 45056K, used 16991K [0x00000000c1400000, 0x0000000100000000)
  region size 1024K, 2 young (2048K), 2 survivors (2048K)
 Metaspace       used 31091K, committed 31616K, reserved 1114112K
  class space    used 3893K, committed 4160K, reserved 1048576K
}

