# JRE version: OpenJDK Runtime Environment Corretto-18.0.2.9.1 (18.0.2+9) (build 18.0.2+9-FR)
# Java VM: OpenJDK 64-Bit Server VM Corretto-18.0.2.9.1 (18.0.2+9-FR, mixed mode, sharing, tiered, compressed oops, compressed class ptrs, g1 gc, windows-amd64)
GC Precious Log:
 CardTable entry size: 512
 Card Set container configuration: InlinePtr #cards 5 size 8 Array Of Cards #cards 12 size 40 Howl #buckets 4 coarsen threshold 1843 Howl Bitmap #cards 512 size 80 coarsen threshold 460 Card regions per heap region 1 cards per card region 2048
 CPUs: 4 total, 4 available
 Memory: 4012M
 Large Page Support: Disabled
 NUMA Support: Disabled
 Compressed Oops: Enabled (32-bit)
 Heap Region Size: 1M
 Heap Min Capacity: 8M
 Heap Initial Capacity: 64M
 Heap Max Capacity: 1004M
 Pre-touch: Disabled
 Parallel Workers: 4
 Concurrent Workers: 1
 Concurrent Refinement Workers: 4
 Periodic GC: Disabled
Heap:
 garbage-first heap   total 45056K, used 19422K [0x00000000c1400000, 0x0000000100000000)
  region size 1024K, 2 young (2048K), 1 survivors (1024K)
 Metaspace       used 35540K, committed 36160K, reserved 1114112K
  class space    used 4591K, committed 4928K, reserved 1048576K
GC Heap History (20 events):
Event: 3.120 GC heap before
{Heap before GC invocations=1 (full 0):
 garbage-first heap   total 65536K, used 16529K [0x00000000c1400000, 0x0000000100000000)
  region size 1024K, 14 young (14336K), 2 survivors (2048K)
 Metaspace       used 7082K, committed 7232K, reserved 1114112K
  class space    used 824K, committed 896K, reserved 1048576K
}
Event: 3.126 GC heap after
{Heap after GC invocations=2 (full 0):
 garbage-first heap   total 65536K, used 5254K [0x00000000c1400000, 0x0000000100000000)
  region size 1024K, 1 young (1024K), 1 survivors (1024K)
 Metaspace       used 7082K, committed 7232K, reserved 1114112K
  class space    used 824K, committed 896K, reserved 1048576K
}
Event: 4.484 GC heap before
{Heap before GC invocations=2 (full 0):
 garbage-first heap   total 65536K, used 27782K [0x00000000c1400000, 0x0000000100000000)
  region size 1024K, 24 young (24576K), 1 survivors (1024K)
 Metaspace       used 12844K, committed 13120K, reserved 1114112K
  class space    used 1664K, committed 1792K, reserved 1048576K
}
Event: 4.491 GC heap after
{Heap after GC invocations=3 (full 0):
 garbage-first heap   total 65536K, used 7277K [0x00000000c1400000, 0x0000000100000000)
  region size 1024K, 3 young (3072K), 3 survivors (3072K)
 Metaspace       used 12844K, committed 13120K, reserved 1114112K
  class space    used 1664K, committed 1792K, reserved 1048576K
}
Event: 5.842 GC heap before
{Heap before GC invocations=3 (full 0):
 garbage-first heap   total 65536K, used 40045K [0x00000000c1400000, 0x0000000100000000)
  region size 1024K, 36 young (36864K), 3 survivors (3072K)
 Metaspace       used 20086K, committed 20352K, reserved 1114112K
  class space    used 2520K, committed 2624K, reserved 1048576K
}
Event: 5.855 GC heap after
{Heap after GC invocations=4 (full 0):
 garbage-first heap   total 65536K, used 10331K [0x00000000c1400000, 0x0000000100000000)
  region size 1024K, 5 young (5120K), 5 survivors (5120K)
 Metaspace       used 20086K, committed 20352K, reserved 1114112K
  class space    used 2520K, committed 2624K, reserved 1048576K
}
Event: 6.705 GC heap before
{Heap before GC invocations=4 (full 0):
 garbage-first heap   total 65536K, used 23643K [0x00000000c1400000, 0x0000000100000000)
  region size 1024K, 19 young (19456K), 5 survivors (5120K)
 Metaspace       used 21273K, committed 21504K, reserved 1114112K
  class space    used 2654K, committed 2752K, reserved 1048576K
}
Event: 6.716 GC heap after
{Heap after GC invocations=5 (full 0):
 garbage-first heap   total 65536K, used 11066K [0x00000000c1400000, 0x0000000100000000)
  region size 1024K, 2 young (2048K), 2 survivors (2048K)
 Metaspace       used 21273K, committed 21504K, reserved 1114112K
  class space    used 2654K, committed 2752K, reserved 1048576K
}
Event: 7.939 GC heap before
{Heap before GC invocations=6 (full 0):
 garbage-first heap   total 45056K, used 35642K [0x00000000c1400000, 0x0000000100000000)
  region size 1024K, 26 young (26624K), 2 survivors (2048K)
 Metaspace       used 25462K, committed 25856K, reserved 1114112K
  class space    used 3227K, committed 3392K, reserved 1048576K
}
Event: 7.947 GC heap after
{Heap after GC invocations=7 (full 0):
 garbage-first heap   total 45056K, used 13081K [0x00000000c1400000, 0x0000000100000000)
  region size 1024K, 4 young (4096K), 4 survivors (4096K)
 Metaspace       used 25462K, committed 25856K, reserved 1114112K
  class space    used 3227K, committed 3392K, reserved 1048576K
}
Event: 7.996 GC heap before
{Heap before GC invocations=7 (full 0):
 garbage-first heap   total 45056K, used 14105K [0x00000000c1400000, 0x0000000100000000)
  region size 1024K, 5 young (5120K), 4 survivors (4096K)
 Metaspace       used 25523K, committed 25920K, reserved 1114112K
  class space    used 3235K, committed 3392K, reserved 1048576K
}
Event: 8.005 GC heap after
{Heap after GC invocations=8 (full 0):
 garbage-first heap   total 45056K, used 13406K [0x00000000c1400000, 0x0000000100000000)
  region size 1024K, 1 young (1024K), 1 survivors (1024K)
 Metaspace       used 25523K, committed 25920K, reserved 1114112K
  class space    used 3235K, committed 3392K, reserved 1048576K
}
Event: 9.243 GC heap before
{Heap before GC invocations=8 (full 0):
 garbage-first heap   total 45056K, used 30814K [0x00000000c1400000, 0x0000000100000000)
  region size 1024K, 19 young (19456K), 1 survivors (1024K)
 Metaspace       used 29162K, committed 29696K, reserved 1114112K
  class space    used 3698K, committed 3968K, reserved 1048576K
}
Event: 9.248 GC heap after
{Heap after GC invocations=9 (full 0):
 garbage-first heap   total 45056K, used 14472K [0x00000000c1400000, 0x0000000100000000)
  region size 1024K, 2 young (2048K), 2 survivors (2048K)
 Metaspace       used 29162K, committed 29696K, reserved 1114112K
  class space    used 3698K, committed 3968K, reserved 1048576K
}
Event: 10.376 GC heap before
{Heap before GC invocations=9 (full 0):
 garbage-first heap   total 45056K, used 32904K [0x00000000c1400000, 0x0000000100000000)
  region size 1024K, 20 young (20480K), 2 survivors (2048K)
 Metaspace       used 31785K, committed 32384K, reserved 1114112K
  class space    used 4095K, committed 4352K, reserved 1048576K
}
Event: 10.384 GC heap after
{Heap after GC invocations=10 (full 0):
 garbage-first heap   total 45056K, used 16804K [0x00000000c1400000, 0x0000000100000000)
  region size 1024K, 3 young (3072K), 3 survivors (3072K)
 Metaspace       used 31785K, committed 32384K, reserved 1114112K
  class space    used 4095K, committed 4352K, reserved 1048576K
}
Event: 11.693 GC heap before
{Heap before GC invocations=10 (full 0):
 garbage-first heap   total 45056K, used 33188K [0x00000000c1400000, 0x0000000100000000)
  region size 1024K, 19 young (19456K), 3 survivors (3072K)
 Metaspace       used 34333K, committed 34944K, reserved 1114112K
  class space    used 4444K, committed 4736K, reserved 1048576K
}
Event: 11.710 GC heap after
{Heap after GC invocations=11 (full 0):
 garbage-first heap   total 45056K, used 19159K [0x00000000c1400000, 0x0000000100000000)
  region size 1024K, 3 young (3072K), 3 survivors (3072K)
 Metaspace       used 34333K, committed 34944K, reserved 1114112K
  class space    used 4444K, committed 4736K, reserved 1048576K
}
Event: 18.895 GC heap before
{Heap before GC invocations=11 (full 0):
 garbage-first heap   total 45056K, used 22231K [0x00000000c1400000, 0x0000000100000000)
  region size 1024K, 8 young (8192K), 3 survivors (3072K)
 Metaspace       used 35350K, committed 35968K, reserved 1114112K
  class space    used 4566K, committed 4864K, reserved 1048576K
}
Event: 18.901 GC heap after
{Heap after GC invocations=12 (full 0):
 garbage-first heap   total 45056K, used 19422K [0x00000000c1400000, 0x0000000100000000)
  region size 1024K, 1 young (1024K), 1 survivors (1024K)
 Metaspace       used 35350K, committed 35968K, reserved 1114112K
  class space    used 4566K, committed 4864K, reserved 1048576K
}

