# JRE version: OpenJDK Runtime Environment Corretto-18.0.2.9.1 (18.0.2+9) (build 18.0.2+9-FR)
# Java VM: OpenJDK 64-Bit Server VM Corretto-18.0.2.9.1 (18.0.2+9-FR, mixed mode, sharing, tiered, compressed oops, compressed class ptrs, g1 gc, windows-amd64)
GC Precious Log:
 CardTable entry size: 512
 Card Set container configuration: InlinePtr #cards 5 size 8 Array Of Cards #cards 12 size 40 Howl #buckets 4 coarsen threshold 1843 Howl Bitmap #cards 512 size 80 coarsen threshold 460 Card regions per heap region 1 cards per card region 2048
 CPUs: 4 total, 4 available
 Memory: 4012M
 Large Page Support: Disabled
 NUMA Support: Disabled
 Compressed Oops: Enabled (32-bit)
 Heap Region Size: 1M
 Heap Min Capacity: 8M
 Heap Initial Capacity: 64M
 Heap Max Capacity: 1004M
 Pre-touch: Disabled
 Parallel Workers: 4
 Concurrent Workers: 1
 Concurrent Refinement Workers: 4
 Periodic GC: Disabled
Heap:
 garbage-first heap   total 65536K, used 27306K [0x00000000c1400000, 0x0000000100000000)
  region size 1024K, 25 young (25600K), 2 survivors (2048K)
 Metaspace       used 15482K, committed 15744K, reserved 1114112K
  class space    used 1853K, committed 1984K, reserved 1048576K
GC Heap History (6 events):
Event: 10.259 GC heap before
{Heap before GC invocations=0 (full 0):
 garbage-first heap   total 65536K, used 12288K [0x00000000c1400000, 0x0000000100000000)
  region size 1024K, 13 young (13312K), 0 survivors (0K)
 Metaspace       used 2870K, committed 3072K, reserved 1114112K
  class space    used 273K, committed 384K, reserved 1048576K
}
Event: 10.302 GC heap after
{Heap after GC invocations=1 (full 0):
 garbage-first heap   total 65536K, used 3917K [0x00000000c1400000, 0x0000000100000000)
  region size 1024K, 2 young (2048K), 2 survivors (2048K)
 Metaspace       used 2870K, committed 3072K, reserved 1114112K
  class space    used 273K, committed 384K, reserved 1048576K
}
Event: 11.985 GC heap before
{Heap before GC invocations=1 (full 0):
 garbage-first heap   total 65536K, used 15181K [0x00000000c1400000, 0x0000000100000000)
  region size 1024K, 14 young (14336K), 2 survivors (2048K)
 Metaspace       used 5554K, committed 5760K, reserved 1114112K
  class space    used 627K, committed 768K, reserved 1048576K
}
Event: 11.990 GC heap after
{Heap after GC invocations=2 (full 0):
 garbage-first heap   total 65536K, used 4501K [0x00000000c1400000, 0x0000000100000000)
  region size 1024K, 1 young (1024K), 1 survivors (1024K)
 Metaspace       used 5554K, committed 5760K, reserved 1114112K
  class space    used 627K, committed 768K, reserved 1048576K
}
Event: 16.526 GC heap before
{Heap before GC invocations=2 (full 0):
 garbage-first heap   total 65536K, used 27029K [0x00000000c1400000, 0x0000000100000000)
  region size 1024K, 24 young (24576K), 1 survivors (1024K)
 Metaspace       used 10626K, committed 10880K, reserved 1114112K
  class space    used 1245K, committed 1408K, reserved 1048576K
}
Event: 16.533 GC heap after
{Heap after GC invocations=3 (full 0):
 garbage-first heap   total 65536K, used 5802K [0x00000000c1400000, 0x0000000100000000)
  region size 1024K, 2 young (2048K), 2 survivors (2048K)
 Metaspace       used 10626K, committed 10880K, reserved 1114112K
  class space    used 1245K, committed 1408K, reserved 1048576K
}

