# JRE version: OpenJDK Runtime Environment Corretto-18.0.2.9.1 (18.0.2+9) (build 18.0.2+9-FR)
# Java VM: OpenJDK 64-Bit Server VM Corretto-18.0.2.9.1 (18.0.2+9-FR, mixed mode, sharing, tiered, compressed oops, compressed class ptrs, g1 gc, windows-amd64)
GC Precious Log:
 CardTable entry size: 512
 Card Set container configuration: InlinePtr #cards 5 size 8 Array Of Cards #cards 12 size 40 Howl #buckets 4 coarsen threshold 1843 Howl Bitmap #cards 512 size 80 coarsen threshold 460 Card regions per heap region 1 cards per card region 2048
 CPUs: 4 total, 4 available
 Memory: 4012M
 Large Page Support: Disabled
 NUMA Support: Disabled
 Compressed Oops: Enabled (32-bit)
 Heap Region Size: 1M
 Heap Min Capacity: 8M
 Heap Initial Capacity: 64M
 Heap Max Capacity: 1004M
 Pre-touch: Disabled
 Parallel Workers: 4
 Concurrent Workers: 1
 Concurrent Refinement Workers: 4
 Periodic GC: Disabled
Heap:
 garbage-first heap   total 65536K, used 12582K [0x00000000c1400000, 0x0000000100000000)
  region size 1024K, 8 young (8192K), 5 survivors (5120K)
 Metaspace       used 18405K, committed 18688K, reserved 1114112K
  class space    used 2212K, committed 2368K, reserved 1048576K
GC Heap History (8 events):
Event: 1.898 GC heap before
{Heap before GC invocations=0 (full 0):
 garbage-first heap   total 65536K, used 13312K [0x00000000c1400000, 0x0000000100000000)
  region size 1024K, 13 young (13312K), 0 survivors (0K)
 Metaspace       used 4074K, committed 4288K, reserved 1114112K
  class space    used 412K, committed 512K, reserved 1048576K
}
Event: 1.916 GC heap after
{Heap after GC invocations=1 (full 0):
 garbage-first heap   total 65536K, used 4368K [0x00000000c1400000, 0x0000000100000000)
  region size 1024K, 2 young (2048K), 2 survivors (2048K)
 Metaspace       used 4074K, committed 4288K, reserved 1114112K
  class space    used 412K, committed 512K, reserved 1048576K
}
Event: 2.899 GC heap before
{Heap before GC invocations=1 (full 0):
 garbage-first heap   total 65536K, used 15632K [0x00000000c1400000, 0x0000000100000000)
  region size 1024K, 13 young (13312K), 2 survivors (2048K)
 Metaspace       used 6977K, committed 7232K, reserved 1114112K
  class space    used 792K, committed 896K, reserved 1048576K
}
Event: 2.905 GC heap after
{Heap after GC invocations=2 (full 0):
 garbage-first heap   total 65536K, used 5539K [0x00000000c1400000, 0x0000000100000000)
  region size 1024K, 1 young (1024K), 1 survivors (1024K)
 Metaspace       used 6977K, committed 7232K, reserved 1114112K
  class space    used 792K, committed 896K, reserved 1048576K
}
Event: 5.096 GC heap before
{Heap before GC invocations=2 (full 0):
 garbage-first heap   total 65536K, used 28067K [0x00000000c1400000, 0x0000000100000000)
  region size 1024K, 24 young (24576K), 1 survivors (1024K)
 Metaspace       used 12788K, committed 13056K, reserved 1114112K
  class space    used 1481K, committed 1600K, reserved 1048576K
}
Event: 5.105 GC heap after
{Heap after GC invocations=3 (full 0):
 garbage-first heap   total 65536K, used 7432K [0x00000000c1400000, 0x0000000100000000)
  region size 1024K, 3 young (3072K), 3 survivors (3072K)
 Metaspace       used 12788K, committed 13056K, reserved 1114112K
  class space    used 1481K, committed 1600K, reserved 1048576K
}
Event: 6.729 GC heap before
{Heap before GC invocations=3 (full 0):
 garbage-first heap   total 65536K, used 39176K [0x00000000c1400000, 0x0000000100000000)
  region size 1024K, 35 young (35840K), 3 survivors (3072K)
 Metaspace       used 18271K, committed 18624K, reserved 1114112K
  class space    used 2197K, committed 2368K, reserved 1048576K
}
Event: 6.741 GC heap after
{Heap after GC invocations=4 (full 0):
 garbage-first heap   total 65536K, used 10534K [0x00000000c1400000, 0x0000000100000000)
  region size 1024K, 5 young (5120K), 5 survivors (5120K)
 Metaspace       used 18271K, committed 18624K, reserved 1114112K
  class space    used 2197K, committed 2368K, reserved 1048576K
}

