# JRE version: OpenJDK Runtime Environment Corretto-18.0.2.9.1 (18.0.2+9) (build 18.0.2+9-FR)
# Java VM: OpenJDK 64-Bit Server VM Corretto-18.0.2.9.1 (18.0.2+9-FR, mixed mode, sharing, tiered, compressed oops, compressed class ptrs, g1 gc, windows-amd64)
GC Precious Log:
 CardTable entry size: 512
 Card Set container configuration: InlinePtr #cards 5 size 8 Array Of Cards #cards 12 size 40 Howl #buckets 4 coarsen threshold 1843 Howl Bitmap #cards 512 size 80 coarsen threshold 460 Card regions per heap region 1 cards per card region 2048
 CPUs: 4 total, 4 available
 Memory: 4012M
 Large Page Support: Disabled
 NUMA Support: Disabled
 Compressed Oops: Enabled (32-bit)
 Heap Region Size: 1M
 Heap Min Capacity: 8M
 Heap Initial Capacity: 64M
 Heap Max Capacity: 1004M
 Pre-touch: Disabled
 Parallel Workers: 4
 Concurrent Workers: 1
 Concurrent Refinement Workers: 4
 Periodic GC: Disabled
Heap:
 garbage-first heap   total 65536K, used 20086K [0x00000000c1400000, 0x0000000100000000)
  region size 1024K, 16 young (16384K), 5 survivors (5120K)
 Metaspace       used 20710K, committed 20992K, reserved 1114112K
  class space    used 2578K, committed 2688K, reserved 1048576K
GC Heap History (8 events):
Event: 1.901 GC heap before
{Heap before GC invocations=0 (full 0):
 garbage-first heap   total 65536K, used 12288K [0x00000000c1400000, 0x0000000100000000)
  region size 1024K, 13 young (13312K), 0 survivors (0K)
 Metaspace       used 4017K, committed 4224K, reserved 1114112K
  class space    used 407K, committed 512K, reserved 1048576K
}
Event: 1.916 GC heap after
{Heap after GC invocations=1 (full 0):
 garbage-first heap   total 65536K, used 4599K [0x00000000c1400000, 0x0000000100000000)
  region size 1024K, 2 young (2048K), 2 survivors (2048K)
 Metaspace       used 4017K, committed 4224K, reserved 1114112K
  class space    used 407K, committed 512K, reserved 1048576K
}
Event: 3.166 GC heap before
{Heap before GC invocations=1 (full 0):
 garbage-first heap   total 65536K, used 14839K [0x00000000c1400000, 0x0000000100000000)
  region size 1024K, 13 young (13312K), 2 survivors (2048K)
 Metaspace       used 6946K, committed 7168K, reserved 1114112K
  class space    used 786K, committed 896K, reserved 1048576K
}
Event: 3.171 GC heap after
{Heap after GC invocations=2 (full 0):
 garbage-first heap   total 65536K, used 5626K [0x00000000c1400000, 0x0000000100000000)
  region size 1024K, 1 young (1024K), 1 survivors (1024K)
 Metaspace       used 6946K, committed 7168K, reserved 1114112K
  class space    used 786K, committed 896K, reserved 1048576K
}
Event: 5.309 GC heap before
{Heap before GC invocations=2 (full 0):
 garbage-first heap   total 65536K, used 27130K [0x00000000c1400000, 0x0000000100000000)
  region size 1024K, 23 young (23552K), 1 survivors (1024K)
 Metaspace       used 12284K, committed 12544K, reserved 1114112K
  class space    used 1584K, committed 1728K, reserved 1048576K
}
Event: 5.315 GC heap after
{Heap after GC invocations=3 (full 0):
 garbage-first heap   total 65536K, used 7174K [0x00000000c1400000, 0x0000000100000000)
  region size 1024K, 3 young (3072K), 3 survivors (3072K)
 Metaspace       used 12284K, committed 12544K, reserved 1114112K
  class space    used 1584K, committed 1728K, reserved 1048576K
}
Event: 6.944 GC heap before
{Heap before GC invocations=3 (full 0):
 garbage-first heap   total 65536K, used 39942K [0x00000000c1400000, 0x0000000100000000)
  region size 1024K, 36 young (36864K), 3 survivors (3072K)
 Metaspace       used 19391K, committed 19648K, reserved 1114112K
  class space    used 2424K, committed 2560K, reserved 1048576K
}
Event: 6.954 GC heap after
{Heap after GC invocations=4 (full 0):
 garbage-first heap   total 65536K, used 9846K [0x00000000c1400000, 0x0000000100000000)
  region size 1024K, 5 young (5120K), 5 survivors (5120K)
 Metaspace       used 19391K, committed 19648K, reserved 1114112K
  class space    used 2424K, committed 2560K, reserved 1048576K
}

