# JRE version: OpenJDK Runtime Environment Corretto-18.0.2.9.1 (18.0.2+9) (build 18.0.2+9-FR)
# Java VM: OpenJDK 64-Bit Server VM Corretto-18.0.2.9.1 (18.0.2+9-FR, mixed mode, sharing, tiered, compressed oops, compressed class ptrs, g1 gc, windows-amd64)
GC Precious Log:
 CardTable entry size: 512
 Card Set container configuration: InlinePtr #cards 5 size 8 Array Of Cards #cards 12 size 40 Howl #buckets 4 coarsen threshold 1843 Howl Bitmap #cards 512 size 80 coarsen threshold 460 Card regions per heap region 1 cards per card region 2048
 CPUs: 4 total, 4 available
 Memory: 4012M
 Large Page Support: Disabled
 NUMA Support: Disabled
 Compressed Oops: Enabled (32-bit)
 Heap Region Size: 1M
 Heap Min Capacity: 8M
 Heap Initial Capacity: 64M
 Heap Max Capacity: 1004M
 Pre-touch: Disabled
 Parallel Workers: 4
 Concurrent Workers: 1
 Concurrent Refinement Workers: 4
 Periodic GC: Disabled
Heap:
 garbage-first heap   total 45056K, used 27826K [0x00000000c1400000, 0x0000000100000000)
  region size 1024K, 13 young (13312K), 2 survivors (2048K)
 Metaspace       used 33823K, committed 34496K, reserved 1114112K
  class space    used 4302K, committed 4608K, reserved 1048576K
GC Heap History (16 events):
Event: 2.449 GC heap before
{Heap before GC invocations=0 (full 0):
 garbage-first heap   total 65536K, used 13312K [0x00000000c1400000, 0x0000000100000000)
  region size 1024K, 13 young (13312K), 0 survivors (0K)
 Metaspace       used 4082K, committed 4288K, reserved 1114112K
  class space    used 412K, committed 512K, reserved 1048576K
}
Event: 2.462 GC heap after
{Heap after GC invocations=1 (full 0):
 garbage-first heap   total 65536K, used 4329K [0x00000000c1400000, 0x0000000100000000)
  region size 1024K, 2 young (2048K), 2 survivors (2048K)
 Metaspace       used 4082K, committed 4288K, reserved 1114112K
  class space    used 412K, committed 512K, reserved 1048576K
}
Event: 3.702 GC heap before
{Heap before GC invocations=1 (full 0):
 garbage-first heap   total 65536K, used 16617K [0x00000000c1400000, 0x0000000100000000)
  region size 1024K, 14 young (14336K), 2 survivors (2048K)
 Metaspace       used 7203K, committed 7424K, reserved 1114112K
  class space    used 821K, committed 960K, reserved 1048576K
}
Event: 3.708 GC heap after
{Heap after GC invocations=2 (full 0):
 garbage-first heap   total 65536K, used 5462K [0x00000000c1400000, 0x0000000100000000)
  region size 1024K, 1 young (1024K), 1 survivors (1024K)
 Metaspace       used 7203K, committed 7424K, reserved 1114112K
  class space    used 821K, committed 960K, reserved 1048576K
}
Event: 5.131 GC heap before
{Heap before GC invocations=2 (full 0):
 garbage-first heap   total 65536K, used 27990K [0x00000000c1400000, 0x0000000100000000)
  region size 1024K, 24 young (24576K), 1 survivors (1024K)
 Metaspace       used 13187K, committed 13440K, reserved 1114112K
  class space    used 1548K, committed 1664K, reserved 1048576K
}
Event: 5.138 GC heap after
{Heap after GC invocations=3 (full 0):
 garbage-first heap   total 65536K, used 7386K [0x00000000c1400000, 0x0000000100000000)
  region size 1024K, 3 young (3072K), 3 survivors (3072K)
 Metaspace       used 13187K, committed 13440K, reserved 1114112K
  class space    used 1548K, committed 1664K, reserved 1048576K
}
Event: 6.984 GC heap before
{Heap before GC invocations=3 (full 0):
 garbage-first heap   total 65536K, used 41178K [0x00000000c1400000, 0x0000000100000000)
  region size 1024K, 37 young (37888K), 3 survivors (3072K)
 Metaspace       used 18584K, committed 18880K, reserved 1114112K
  class space    used 2234K, committed 2368K, reserved 1048576K
}
Event: 7.001 GC heap after
{Heap after GC invocations=4 (full 0):
 garbage-first heap   total 65536K, used 9983K [0x00000000c1400000, 0x0000000100000000)
  region size 1024K, 5 young (5120K), 5 survivors (5120K)
 Metaspace       used 18584K, committed 18880K, reserved 1114112K
  class space    used 2234K, committed 2368K, reserved 1048576K
}
Event: 7.814 GC heap before
{Heap before GC invocations=4 (full 0):
 garbage-first heap   total 65536K, used 25343K [0x00000000c1400000, 0x0000000100000000)
  region size 1024K, 21 young (21504K), 5 survivors (5120K)
 Metaspace       used 21180K, committed 21504K, reserved 1114112K
  class space    used 2569K, committed 2752K, reserved 1048576K
}
Event: 7.826 GC heap after
{Heap after GC invocations=5 (full 0):
 garbage-first heap   total 65536K, used 11406K [0x00000000c1400000, 0x0000000100000000)
  region size 1024K, 2 young (2048K), 2 survivors (2048K)
 Metaspace       used 21180K, committed 21504K, reserved 1114112K
  class space    used 2569K, committed 2752K, reserved 1048576K
}
Event: 9.246 GC heap before
{Heap before GC invocations=6 (full 0):
 garbage-first heap   total 45056K, used 35982K [0x00000000c1400000, 0x0000000100000000)
  region size 1024K, 26 young (26624K), 2 survivors (2048K)
 Metaspace       used 26184K, committed 26688K, reserved 1114112K
  class space    used 3230K, committed 3456K, reserved 1048576K
}
Event: 9.257 GC heap after
{Heap after GC invocations=7 (full 0):
 garbage-first heap   total 45056K, used 13460K [0x00000000c1400000, 0x0000000100000000)
  region size 1024K, 4 young (4096K), 4 survivors (4096K)
 Metaspace       used 26184K, committed 26688K, reserved 1114112K
  class space    used 3230K, committed 3456K, reserved 1048576K
}
Event: 10.218 GC heap before
{Heap before GC invocations=7 (full 0):
 garbage-first heap   total 45056K, used 30868K [0x00000000c1400000, 0x0000000100000000)
  region size 1024K, 22 young (22528K), 4 survivors (4096K)
 Metaspace       used 28910K, committed 29504K, reserved 1114112K
  class space    used 3628K, committed 3904K, reserved 1048576K
}
Event: 10.230 GC heap after
{Heap after GC invocations=8 (full 0):
 garbage-first heap   total 45056K, used 15766K [0x00000000c1400000, 0x0000000100000000)
  region size 1024K, 3 young (3072K), 3 survivors (3072K)
 Metaspace       used 28910K, committed 29504K, reserved 1114112K
  class space    used 3628K, committed 3904K, reserved 1048576K
}
Event: 11.053 GC heap before
{Heap before GC invocations=8 (full 0):
 garbage-first heap   total 45056K, used 32150K [0x00000000c1400000, 0x0000000100000000)
  region size 1024K, 19 young (19456K), 3 survivors (3072K)
 Metaspace       used 31590K, committed 32192K, reserved 1114112K
  class space    used 4015K, committed 4288K, reserved 1048576K
}
Event: 11.064 GC heap after
{Heap after GC invocations=9 (full 0):
 garbage-first heap   total 45056K, used 17586K [0x00000000c1400000, 0x0000000100000000)
  region size 1024K, 2 young (2048K), 2 survivors (2048K)
 Metaspace       used 31590K, committed 32192K, reserved 1114112K
  class space    used 4015K, committed 4288K, reserved 1048576K
}

