# JRE version: OpenJDK Runtime Environment Corretto-18.0.2.9.1 (18.0.2+9) (build 18.0.2+9-FR)
# Java VM: OpenJDK 64-Bit Server VM Corretto-18.0.2.9.1 (18.0.2+9-FR, mixed mode, sharing, tiered, compressed oops, compressed class ptrs, g1 gc, windows-amd64)
GC Precious Log:
 CardTable entry size: 512
 Card Set container configuration: InlinePtr #cards 5 size 8 Array Of Cards #cards 12 size 40 Howl #buckets 4 coarsen threshold 1843 Howl Bitmap #cards 512 size 80 coarsen threshold 460 Card regions per heap region 1 cards per card region 2048
 CPUs: 4 total, 4 available
 Memory: 4012M
 Large Page Support: Disabled
 NUMA Support: Disabled
 Compressed Oops: Enabled (32-bit)
 Heap Region Size: 1M
 Heap Min Capacity: 8M
 Heap Initial Capacity: 64M
 Heap Max Capacity: 1004M
 Pre-touch: Disabled
 Parallel Workers: 4
 Concurrent Workers: 1
 Concurrent Refinement Workers: 4
 Periodic GC: Disabled
Heap:
 garbage-first heap   total 45056K, used 28819K [0x00000000c1400000, 0x0000000100000000)
  region size 1024K, 17 young (17408K), 3 survivors (3072K)
 Metaspace       used 31372K, committed 32000K, reserved 1114112K
  class space    used 3988K, committed 4288K, reserved 1048576K
GC Heap History (16 events):
Event: 2.068 GC heap before
{Heap before GC invocations=0 (full 0):
 garbage-first heap   total 65536K, used 13312K [0x00000000c1400000, 0x0000000100000000)
  region size 1024K, 13 young (13312K), 0 survivors (0K)
 Metaspace       used 4151K, committed 4352K, reserved 1114112K
  class space    used 447K, committed 576K, reserved 1048576K
}
Event: 2.083 GC heap after
{Heap after GC invocations=1 (full 0):
 garbage-first heap   total 65536K, used 3962K [0x00000000c1400000, 0x0000000100000000)
  region size 1024K, 2 young (2048K), 2 survivors (2048K)
 Metaspace       used 4151K, committed 4352K, reserved 1114112K
  class space    used 447K, committed 576K, reserved 1048576K
}
Event: 3.318 GC heap before
{Heap before GC invocations=1 (full 0):
 garbage-first heap   total 65536K, used 15226K [0x00000000c1400000, 0x0000000100000000)
  region size 1024K, 14 young (14336K), 2 survivors (2048K)
 Metaspace       used 7242K, committed 7488K, reserved 1114112K
  class space    used 828K, committed 960K, reserved 1048576K
}
Event: 3.324 GC heap after
{Heap after GC invocations=2 (full 0):
 garbage-first heap   total 65536K, used 5420K [0x00000000c1400000, 0x0000000100000000)
  region size 1024K, 2 young (2048K), 2 survivors (2048K)
 Metaspace       used 7242K, committed 7488K, reserved 1114112K
  class space    used 828K, committed 960K, reserved 1048576K
}
Event: 4.570 GC heap before
{Heap before GC invocations=2 (full 0):
 garbage-first heap   total 65536K, used 27948K [0x00000000c1400000, 0x0000000100000000)
  region size 1024K, 25 young (25600K), 2 survivors (2048K)
 Metaspace       used 13206K, committed 13440K, reserved 1114112K
  class space    used 1544K, committed 1664K, reserved 1048576K
}
Event: 4.577 GC heap after
{Heap after GC invocations=3 (full 0):
 garbage-first heap   total 65536K, used 7220K [0x00000000c1400000, 0x0000000100000000)
  region size 1024K, 4 young (4096K), 4 survivors (4096K)
 Metaspace       used 13206K, committed 13440K, reserved 1114112K
  class space    used 1544K, committed 1664K, reserved 1048576K
}
Event: 6.160 GC heap before
{Heap before GC invocations=3 (full 0):
 garbage-first heap   total 65536K, used 41012K [0x00000000c1400000, 0x0000000100000000)
  region size 1024K, 38 young (38912K), 4 survivors (4096K)
 Metaspace       used 18591K, committed 18880K, reserved 1114112K
  class space    used 2235K, committed 2368K, reserved 1048576K
}
Event: 6.172 GC heap after
{Heap after GC invocations=4 (full 0):
 garbage-first heap   total 65536K, used 10041K [0x00000000c1400000, 0x0000000100000000)
  region size 1024K, 5 young (5120K), 5 survivors (5120K)
 Metaspace       used 18591K, committed 18880K, reserved 1114112K
  class space    used 2235K, committed 2368K, reserved 1048576K
}
Event: 7.027 GC heap before
{Heap before GC invocations=4 (full 0):
 garbage-first heap   total 65536K, used 24377K [0x00000000c1400000, 0x0000000100000000)
  region size 1024K, 20 young (20480K), 5 survivors (5120K)
 Metaspace       used 21136K, committed 21504K, reserved 1114112K
  class space    used 2565K, committed 2752K, reserved 1048576K
}
Event: 7.039 GC heap after
{Heap after GC invocations=5 (full 0):
 garbage-first heap   total 65536K, used 11299K [0x00000000c1400000, 0x0000000100000000)
  region size 1024K, 2 young (2048K), 2 survivors (2048K)
 Metaspace       used 21136K, committed 21504K, reserved 1114112K
  class space    used 2565K, committed 2752K, reserved 1048576K
}
Event: 8.426 GC heap before
{Heap before GC invocations=6 (full 0):
 garbage-first heap   total 45056K, used 35875K [0x00000000c1400000, 0x0000000100000000)
  region size 1024K, 26 young (26624K), 2 survivors (2048K)
 Metaspace       used 26103K, committed 26560K, reserved 1114112K
  class space    used 3216K, committed 3456K, reserved 1048576K
}
Event: 8.434 GC heap after
{Heap after GC invocations=7 (full 0):
 garbage-first heap   total 45056K, used 13438K [0x00000000c1400000, 0x0000000100000000)
  region size 1024K, 4 young (4096K), 4 survivors (4096K)
 Metaspace       used 26103K, committed 26560K, reserved 1114112K
  class space    used 3216K, committed 3456K, reserved 1048576K
}
Event: 8.528 GC heap before
{Heap before GC invocations=7 (full 0):
 garbage-first heap   total 45056K, used 13438K [0x00000000c1400000, 0x0000000100000000)
  region size 1024K, 5 young (5120K), 4 survivors (4096K)
 Metaspace       used 26255K, committed 26688K, reserved 1114112K
  class space    used 3238K, committed 3456K, reserved 1048576K
}
Event: 8.537 GC heap after
{Heap after GC invocations=8 (full 0):
 garbage-first heap   total 45056K, used 13757K [0x00000000c1400000, 0x0000000100000000)
  region size 1024K, 1 young (1024K), 1 survivors (1024K)
 Metaspace       used 26255K, committed 26688K, reserved 1114112K
  class space    used 3238K, committed 3456K, reserved 1048576K
}
Event: 9.430 GC heap before
{Heap before GC invocations=8 (full 0):
 garbage-first heap   total 45056K, used 31165K [0x00000000c1400000, 0x0000000100000000)
  region size 1024K, 19 young (19456K), 1 survivors (1024K)
 Metaspace       used 28919K, committed 29504K, reserved 1114112K
  class space    used 3629K, committed 3904K, reserved 1048576K
}
Event: 9.436 GC heap after
{Heap after GC invocations=9 (full 0):
 garbage-first heap   total 45056K, used 15507K [0x00000000c1400000, 0x0000000100000000)
  region size 1024K, 3 young (3072K), 3 survivors (3072K)
 Metaspace       used 28919K, committed 29504K, reserved 1114112K
  class space    used 3629K, committed 3904K, reserved 1048576K
}

