# JRE version: OpenJDK Runtime Environment Corretto-18.0.2.9.1 (18.0.2+9) (build 18.0.2+9-FR)
# Java VM: OpenJDK 64-Bit Server VM Corretto-18.0.2.9.1 (18.0.2+9-FR, mixed mode, sharing, tiered, compressed oops, compressed class ptrs, g1 gc, windows-amd64)
GC Precious Log:
 CardTable entry size: 512
 Card Set container configuration: InlinePtr #cards 5 size 8 Array Of Cards #cards 12 size 40 Howl #buckets 4 coarsen threshold 1843 Howl Bitmap #cards 512 size 80 coarsen threshold 460 Card regions per heap region 1 cards per card region 2048
 CPUs: 4 total, 4 available
 Memory: 4012M
 Large Page Support: Disabled
 NUMA Support: Disabled
 Compressed Oops: Enabled (32-bit)
 Heap Region Size: 1M
 Heap Min Capacity: 8M
 Heap Initial Capacity: 64M
 Heap Max Capacity: 1004M
 Pre-touch: Disabled
 Parallel Workers: 4
 Concurrent Workers: 1
 Concurrent Refinement Workers: 4
 Periodic GC: Disabled
Heap:
 garbage-first heap   total 45056K, used 18794K [0x00000000c1400000, 0x0000000100000000)
  region size 1024K, 3 young (3072K), 2 survivors (2048K)
 Metaspace       used 36479K, committed 37184K, reserved 1114112K
  class space    used 4526K, committed 4864K, reserved 1048576K
GC Heap History (20 events):
Event: 9.886 GC heap before
{Heap before GC invocations=4 (full 0):
 garbage-first heap   total 65536K, used 39946K [0x00000000c1400000, 0x0000000100000000)
  region size 1024K, 37 young (37888K), 5 survivors (5120K)
 Metaspace       used 21199K, committed 21504K, reserved 1114112K
  class space    used 2545K, committed 2688K, reserved 1048576K
}
Event: 9.901 GC heap after
{Heap after GC invocations=5 (full 0):
 garbage-first heap   total 65536K, used 11359K [0x00000000c1400000, 0x0000000100000000)
  region size 1024K, 3 young (3072K), 3 survivors (3072K)
 Metaspace       used 21199K, committed 21504K, reserved 1114112K
  class space    used 2545K, committed 2688K, reserved 1048576K
}
Event: 11.424 GC heap before
{Heap before GC invocations=6 (full 0):
 garbage-first heap   total 45056K, used 34911K [0x00000000c1400000, 0x0000000100000000)
  region size 1024K, 26 young (26624K), 3 survivors (3072K)
 Metaspace       used 25671K, committed 26112K, reserved 1114112K
  class space    used 3126K, committed 3328K, reserved 1048576K
}
Event: 11.434 GC heap after
{Heap after GC invocations=7 (full 0):
 garbage-first heap   total 45056K, used 13557K [0x00000000c1400000, 0x0000000100000000)
  region size 1024K, 3 young (3072K), 3 survivors (3072K)
 Metaspace       used 25671K, committed 26112K, reserved 1114112K
  class space    used 3126K, committed 3328K, reserved 1048576K
}
Event: 11.488 GC heap before
{Heap before GC invocations=7 (full 0):
 garbage-first heap   total 45056K, used 14581K [0x00000000c1400000, 0x0000000100000000)
  region size 1024K, 4 young (4096K), 3 survivors (3072K)
 Metaspace       used 25885K, committed 26368K, reserved 1114112K
  class space    used 3146K, committed 3392K, reserved 1048576K
}
Event: 11.494 GC heap after
{Heap after GC invocations=8 (full 0):
 garbage-first heap   total 45056K, used 13888K [0x00000000c1400000, 0x0000000100000000)
  region size 1024K, 1 young (1024K), 1 survivors (1024K)
 Metaspace       used 25885K, committed 26368K, reserved 1114112K
  class space    used 3146K, committed 3392K, reserved 1048576K
}
Event: 12.605 GC heap before
{Heap before GC invocations=8 (full 0):
 garbage-first heap   total 45056K, used 30272K [0x00000000c1400000, 0x0000000100000000)
  region size 1024K, 18 young (18432K), 1 survivors (1024K)
 Metaspace       used 28185K, committed 28672K, reserved 1114112K
  class space    used 3480K, committed 3712K, reserved 1048576K
}
Event: 12.611 GC heap after
{Heap after GC invocations=9 (full 0):
 garbage-first heap   total 45056K, used 15398K [0x00000000c1400000, 0x0000000100000000)
  region size 1024K, 2 young (2048K), 2 survivors (2048K)
 Metaspace       used 28185K, committed 28672K, reserved 1114112K
  class space    used 3480K, committed 3712K, reserved 1048576K
}
Event: 13.864 GC heap before
{Heap before GC invocations=9 (full 0):
 garbage-first heap   total 45056K, used 31782K [0x00000000c1400000, 0x0000000100000000)
  region size 1024K, 19 young (19456K), 2 survivors (2048K)
 Metaspace       used 31199K, committed 31744K, reserved 1114112K
  class space    used 3908K, committed 4160K, reserved 1048576K
}
Event: 13.875 GC heap after
{Heap after GC invocations=10 (full 0):
 garbage-first heap   total 45056K, used 17165K [0x00000000c1400000, 0x0000000100000000)
  region size 1024K, 2 young (2048K), 2 survivors (2048K)
 Metaspace       used 31199K, committed 31744K, reserved 1114112K
  class space    used 3908K, committed 4160K, reserved 1048576K
}
Event: 24.160 GC heap before
{Heap before GC invocations=10 (full 0):
 garbage-first heap   total 45056K, used 32525K [0x00000000c1400000, 0x0000000100000000)
  region size 1024K, 18 young (18432K), 2 survivors (2048K)
 Metaspace       used 33890K, committed 34496K, reserved 1114112K
  class space    used 4242K, committed 4544K, reserved 1048576K
}
Event: 24.169 GC heap after
{Heap after GC invocations=11 (full 0):
 garbage-first heap   total 45056K, used 18643K [0x00000000c1400000, 0x0000000100000000)
  region size 1024K, 2 young (2048K), 2 survivors (2048K)
 Metaspace       used 33890K, committed 34496K, reserved 1114112K
  class space    used 4242K, committed 4544K, reserved 1048576K
}
Event: 163.563 GC heap before
{Heap before GC invocations=11 (full 0):
 garbage-first heap   total 45056K, used 25811K [0x00000000c1400000, 0x0000000100000000)
  region size 1024K, 10 young (10240K), 2 survivors (2048K)
 Metaspace       used 35479K, committed 36096K, reserved 1114112K
  class space    used 4449K, committed 4736K, reserved 1048576K
}
Event: 163.569 GC heap after
{Heap after GC invocations=12 (full 0):
 garbage-first heap   total 45056K, used 19038K [0x00000000c1400000, 0x0000000100000000)
  region size 1024K, 2 young (2048K), 2 survivors (2048K)
 Metaspace       used 35479K, committed 36096K, reserved 1114112K
  class space    used 4449K, committed 4736K, reserved 1048576K
}
Event: 384.781 GC heap before
{Heap before GC invocations=13 (full 0):
 garbage-first heap   total 45056K, used 24158K [0x00000000c1400000, 0x0000000100000000)
  region size 1024K, 8 young (8192K), 2 survivors (2048K)
 Metaspace       used 35711K, committed 36416K, reserved 1114112K
  class space    used 4478K, committed 4800K, reserved 1048576K
}
Event: 384.890 GC heap after
{Heap after GC invocations=14 (full 1):
 garbage-first heap   total 45056K, used 15926K [0x00000000c1400000, 0x0000000100000000)
  region size 1024K, 0 young (0K), 0 survivors (0K)
 Metaspace       used 35711K, committed 36416K, reserved 1114112K
  class space    used 4478K, committed 4800K, reserved 1048576K
}
Event: 387.367 GC heap before
{Heap before GC invocations=14 (full 1):
 garbage-first heap   total 45056K, used 32310K [0x00000000c1400000, 0x0000000100000000)
  region size 1024K, 17 young (17408K), 0 survivors (0K)
 Metaspace       used 35928K, committed 36672K, reserved 1114112K
  class space    used 4481K, committed 4864K, reserved 1048576K
}
Event: 387.375 GC heap after
{Heap after GC invocations=15 (full 1):
 garbage-first heap   total 45056K, used 17884K [0x00000000c1400000, 0x0000000100000000)
  region size 1024K, 2 young (2048K), 2 survivors (2048K)
 Metaspace       used 35928K, committed 36672K, reserved 1114112K
  class space    used 4481K, committed 4864K, reserved 1048576K
}
Event: 393.814 GC heap before
{Heap before GC invocations=15 (full 1):
 garbage-first heap   total 45056K, used 33244K [0x00000000c1400000, 0x0000000100000000)
  region size 1024K, 17 young (17408K), 2 survivors (2048K)
 Metaspace       used 36381K, committed 37120K, reserved 1114112K
  class space    used 4525K, committed 4864K, reserved 1048576K
}
Event: 393.819 GC heap after
{Heap after GC invocations=16 (full 1):
 garbage-first heap   total 45056K, used 17874K [0x00000000c1400000, 0x0000000100000000)
  region size 1024K, 2 young (2048K), 2 survivors (2048K)
 Metaspace       used 36381K, committed 37120K, reserved 1114112K
  class space    used 4525K, committed 4864K, reserved 1048576K
}

