# JRE version: OpenJDK Runtime Environment Corretto-18.0.2.9.1 (18.0.2+9) (build 18.0.2+9-FR)
# Java VM: OpenJDK 64-Bit Server VM Corretto-18.0.2.9.1 (18.0.2+9-FR, mixed mode, sharing, tiered, compressed oops, compressed class ptrs, g1 gc, windows-amd64)
GC Precious Log:
 CardTable entry size: 512
 Card Set container configuration: InlinePtr #cards 5 size 8 Array Of Cards #cards 12 size 40 Howl #buckets 4 coarsen threshold 1843 Howl Bitmap #cards 512 size 80 coarsen threshold 460 Card regions per heap region 1 cards per card region 2048
 CPUs: 4 total, 4 available
 Memory: 4012M
 Large Page Support: Disabled
 NUMA Support: Disabled
 Compressed Oops: Enabled (32-bit)
 Heap Region Size: 1M
 Heap Min Capacity: 8M
 Heap Initial Capacity: 64M
 Heap Max Capacity: 1004M
 Pre-touch: Disabled
 Parallel Workers: 4
 Concurrent Workers: 1
 Concurrent Refinement Workers: 4
 Periodic GC: Disabled
Heap:
 garbage-first heap   total 46080K, used 24580K [0x00000000c1400000, 0x0000000100000000)
  region size 1024K, 7 young (7168K), 1 survivors (1024K)
 Metaspace       used 36888K, committed 37504K, reserved 1114112K
  class space    used 4774K, committed 5056K, reserved 1048576K
GC Heap History (20 events):
Event: 2.031 GC heap before
{Heap before GC invocations=0 (full 0):
 garbage-first heap   total 65536K, used 12288K [0x00000000c1400000, 0x0000000100000000)
  region size 1024K, 13 young (13312K), 0 survivors (0K)
 Metaspace       used 4000K, committed 4224K, reserved 1114112K
  class space    used 407K, committed 512K, reserved 1048576K
}
Event: 2.057 GC heap after
{Heap after GC invocations=1 (full 0):
 garbage-first heap   total 65536K, used 4582K [0x00000000c1400000, 0x0000000100000000)
  region size 1024K, 2 young (2048K), 2 survivors (2048K)
 Metaspace       used 4000K, committed 4224K, reserved 1114112K
  class space    used 407K, committed 512K, reserved 1048576K
}
Event: 3.022 GC heap before
{Heap before GC invocations=1 (full 0):
 garbage-first heap   total 65536K, used 14822K [0x00000000c1400000, 0x0000000100000000)
  region size 1024K, 13 young (13312K), 2 survivors (2048K)
 Metaspace       used 6931K, committed 7168K, reserved 1114112K
  class space    used 785K, committed 896K, reserved 1048576K
}
Event: 3.027 GC heap after
{Heap after GC invocations=2 (full 0):
 garbage-first heap   total 65536K, used 5470K [0x00000000c1400000, 0x0000000100000000)
  region size 1024K, 1 young (1024K), 1 survivors (1024K)
 Metaspace       used 6931K, committed 7168K, reserved 1114112K
  class space    used 785K, committed 896K, reserved 1048576K
}
Event: 4.512 GC heap before
{Heap before GC invocations=2 (full 0):
 garbage-first heap   total 65536K, used 26974K [0x00000000c1400000, 0x0000000100000000)
  region size 1024K, 23 young (23552K), 1 survivors (1024K)
 Metaspace       used 12256K, committed 12544K, reserved 1114112K
  class space    used 1579K, committed 1728K, reserved 1048576K
}
Event: 4.518 GC heap after
{Heap after GC invocations=3 (full 0):
 garbage-first heap   total 65536K, used 7106K [0x00000000c1400000, 0x0000000100000000)
  region size 1024K, 3 young (3072K), 3 survivors (3072K)
 Metaspace       used 12256K, committed 12544K, reserved 1114112K
  class space    used 1579K, committed 1728K, reserved 1048576K
}
Event: 5.727 GC heap before
{Heap before GC invocations=3 (full 0):
 garbage-first heap   total 65536K, used 39874K [0x00000000c1400000, 0x0000000100000000)
  region size 1024K, 36 young (36864K), 3 survivors (3072K)
 Metaspace       used 19530K, committed 19840K, reserved 1114112K
  class space    used 2442K, committed 2560K, reserved 1048576K
}
Event: 5.739 GC heap after
{Heap after GC invocations=4 (full 0):
 garbage-first heap   total 65536K, used 9719K [0x00000000c1400000, 0x0000000100000000)
  region size 1024K, 5 young (5120K), 5 survivors (5120K)
 Metaspace       used 19530K, committed 19840K, reserved 1114112K
  class space    used 2442K, committed 2560K, reserved 1048576K
}
Event: 7.228 GC heap before
{Heap before GC invocations=4 (full 0):
 garbage-first heap   total 65536K, used 25079K [0x00000000c1400000, 0x0000000100000000)
  region size 1024K, 21 young (21504K), 5 survivors (5120K)
 Metaspace       used 21258K, committed 21504K, reserved 1114112K
  class space    used 2644K, committed 2752K, reserved 1048576K
}
Event: 7.244 GC heap after
{Heap after GC invocations=5 (full 0):
 garbage-first heap   total 65536K, used 11110K [0x00000000c1400000, 0x0000000100000000)
  region size 1024K, 2 young (2048K), 2 survivors (2048K)
 Metaspace       used 21258K, committed 21504K, reserved 1114112K
  class space    used 2644K, committed 2752K, reserved 1048576K
}
Event: 9.822 GC heap before
{Heap before GC invocations=6 (full 0):
 garbage-first heap   total 40960K, used 40806K [0x00000000c1400000, 0x0000000100000000)
  region size 1024K, 31 young (31744K), 2 survivors (2048K)
 Metaspace       used 26232K, committed 26688K, reserved 1114112K
  class space    used 3363K, committed 3584K, reserved 1048576K
}
Event: 9.836 GC heap after
{Heap after GC invocations=7 (full 0):
 garbage-first heap   total 46080K, used 13503K [0x00000000c1400000, 0x0000000100000000)
  region size 1024K, 5 young (5120K), 5 survivors (5120K)
 Metaspace       used 26232K, committed 26688K, reserved 1114112K
  class space    used 3363K, committed 3584K, reserved 1048576K
}
Event: 10.948 GC heap before
{Heap before GC invocations=7 (full 0):
 garbage-first heap   total 46080K, used 31935K [0x00000000c1400000, 0x0000000100000000)
  region size 1024K, 23 young (23552K), 5 survivors (5120K)
 Metaspace       used 29722K, committed 30272K, reserved 1114112K
  class space    used 3773K, committed 4032K, reserved 1048576K
}
Event: 10.960 GC heap after
{Heap after GC invocations=8 (full 0):
 garbage-first heap   total 46080K, used 15193K [0x00000000c1400000, 0x0000000100000000)
  region size 1024K, 2 young (2048K), 2 survivors (2048K)
 Metaspace       used 29722K, committed 30272K, reserved 1114112K
  class space    used 3773K, committed 4032K, reserved 1048576K
}
Event: 11.987 GC heap before
{Heap before GC invocations=8 (full 0):
 garbage-first heap   total 46080K, used 31577K [0x00000000c1400000, 0x0000000100000000)
  region size 1024K, 19 young (19456K), 2 survivors (2048K)
 Metaspace       used 32670K, committed 33216K, reserved 1114112K
  class space    used 4218K, committed 4480K, reserved 1048576K
}
Event: 11.998 GC heap after
{Heap after GC invocations=9 (full 0):
 garbage-first heap   total 46080K, used 17638K [0x00000000c1400000, 0x0000000100000000)
  region size 1024K, 3 young (3072K), 3 survivors (3072K)
 Metaspace       used 32670K, committed 33216K, reserved 1114112K
  class space    used 4218K, committed 4480K, reserved 1048576K
}
Event: 13.035 GC heap before
{Heap before GC invocations=9 (full 0):
 garbage-first heap   total 46080K, used 32998K [0x00000000c1400000, 0x0000000100000000)
  region size 1024K, 18 young (18432K), 3 survivors (3072K)
 Metaspace       used 34765K, committed 35456K, reserved 1114112K
  class space    used 4498K, committed 4800K, reserved 1048576K
}
Event: 13.045 GC heap after
{Heap after GC invocations=10 (full 0):
 garbage-first heap   total 46080K, used 19208K [0x00000000c1400000, 0x0000000100000000)
  region size 1024K, 2 young (2048K), 2 survivors (2048K)
 Metaspace       used 34765K, committed 35456K, reserved 1114112K
  class space    used 4498K, committed 4800K, reserved 1048576K
}
Event: 19.125 GC heap before
{Heap before GC invocations=10 (full 0):
 garbage-first heap   total 46080K, used 21256K [0x00000000c1400000, 0x0000000100000000)
  region size 1024K, 5 young (5120K), 2 survivors (2048K)
 Metaspace       used 35349K, committed 35968K, reserved 1114112K
  class space    used 4566K, committed 4864K, reserved 1048576K
}
Event: 19.131 GC heap after
{Heap after GC invocations=11 (full 0):
 garbage-first heap   total 46080K, used 19460K [0x00000000c1400000, 0x0000000100000000)
  region size 1024K, 1 young (1024K), 1 survivors (1024K)
 Metaspace       used 35349K, committed 35968K, reserved 1114112K
  class space    used 4566K, committed 4864K, reserved 1048576K
}

