# JRE version: OpenJDK Runtime Environment Corretto-18.0.2.9.1 (18.0.2+9) (build 18.0.2+9-FR)
# Java VM: OpenJDK 64-Bit Server VM Corretto-18.0.2.9.1 (18.0.2+9-FR, mixed mode, sharing, tiered, compressed oops, compressed class ptrs, g1 gc, windows-amd64)
GC Precious Log:
 CardTable entry size: 512
 Card Set container configuration: InlinePtr #cards 5 size 8 Array Of Cards #cards 12 size 40 Howl #buckets 4 coarsen threshold 1843 Howl Bitmap #cards 512 size 80 coarsen threshold 460 Card regions per heap region 1 cards per card region 2048
 CPUs: 4 total, 4 available
 Memory: 4012M
 Large Page Support: Disabled
 NUMA Support: Disabled
 Compressed Oops: Enabled (32-bit)
 Heap Region Size: 1M
 Heap Min Capacity: 8M
 Heap Initial Capacity: 64M
 Heap Max Capacity: 1004M
 Pre-touch: Disabled
 Parallel Workers: 4
 Concurrent Workers: 1
 Concurrent Refinement Workers: 4
 Periodic GC: Disabled
Heap:
 garbage-first heap   total 45056K, used 22312K [0x00000000c1400000, 0x0000000100000000)
  region size 1024K, 8 young (8192K), 3 survivors (3072K)
 Metaspace       used 34392K, committed 35008K, reserved 1114112K
  class space    used 4316K, committed 4608K, reserved 1048576K
GC Heap History (18 events):
Event: 3.461 GC heap before
{Heap before GC invocations=0 (full 0):
 garbage-first heap   total 65536K, used 12288K [0x00000000c1400000, 0x0000000100000000)
  region size 1024K, 13 young (13312K), 0 survivors (0K)
 Metaspace       used 2834K, committed 3008K, reserved 1114112K
  class space    used 269K, committed 384K, reserved 1048576K
}
Event: 3.472 GC heap after
{Heap after GC invocations=1 (full 0):
 garbage-first heap   total 65536K, used 3907K [0x00000000c1400000, 0x0000000100000000)
  region size 1024K, 2 young (2048K), 2 survivors (2048K)
 Metaspace       used 2834K, committed 3008K, reserved 1114112K
  class space    used 269K, committed 384K, reserved 1048576K
}
Event: 4.355 GC heap before
{Heap before GC invocations=1 (full 0):
 garbage-first heap   total 65536K, used 16195K [0x00000000c1400000, 0x0000000100000000)
  region size 1024K, 14 young (14336K), 2 survivors (2048K)
 Metaspace       used 5606K, committed 5888K, reserved 1114112K
  class space    used 632K, committed 768K, reserved 1048576K
}
Event: 4.359 GC heap after
{Heap after GC invocations=2 (full 0):
 garbage-first heap   total 65536K, used 4627K [0x00000000c1400000, 0x0000000100000000)
  region size 1024K, 1 young (1024K), 1 survivors (1024K)
 Metaspace       used 5606K, committed 5888K, reserved 1114112K
  class space    used 632K, committed 768K, reserved 1048576K
}
Event: 5.442 GC heap before
{Heap before GC invocations=2 (full 0):
 garbage-first heap   total 65536K, used 27155K [0x00000000c1400000, 0x0000000100000000)
  region size 1024K, 24 young (24576K), 1 survivors (1024K)
 Metaspace       used 10563K, committed 10880K, reserved 1114112K
  class space    used 1242K, committed 1408K, reserved 1048576K
}
Event: 5.447 GC heap after
{Heap after GC invocations=3 (full 0):
 garbage-first heap   total 65536K, used 5885K [0x00000000c1400000, 0x0000000100000000)
  region size 1024K, 2 young (2048K), 2 survivors (2048K)
 Metaspace       used 10563K, committed 10880K, reserved 1114112K
  class space    used 1242K, committed 1408K, reserved 1048576K
}
Event: 6.866 GC heap before
{Heap before GC invocations=3 (full 0):
 garbage-first heap   total 65536K, used 41725K [0x00000000c1400000, 0x0000000100000000)
  region size 1024K, 38 young (38912K), 2 survivors (2048K)
 Metaspace       used 17461K, committed 17728K, reserved 1114112K
  class space    used 2096K, committed 2240K, reserved 1048576K
}
Event: 6.880 GC heap after
{Heap after GC invocations=4 (full 0):
 garbage-first heap   total 65536K, used 9275K [0x00000000c1400000, 0x0000000100000000)
  region size 1024K, 5 young (5120K), 5 survivors (5120K)
 Metaspace       used 17461K, committed 17728K, reserved 1114112K
  class space    used 2096K, committed 2240K, reserved 1048576K
}
Event: 8.892 GC heap before
{Heap before GC invocations=4 (full 0):
 garbage-first heap   total 65536K, used 39995K [0x00000000c1400000, 0x0000000100000000)
  region size 1024K, 36 young (36864K), 5 survivors (5120K)
 Metaspace       used 21180K, committed 21504K, reserved 1114112K
  class space    used 2544K, committed 2688K, reserved 1048576K
}
Event: 8.906 GC heap after
{Heap after GC invocations=5 (full 0):
 garbage-first heap   total 65536K, used 11422K [0x00000000c1400000, 0x0000000100000000)
  region size 1024K, 3 young (3072K), 3 survivors (3072K)
 Metaspace       used 21180K, committed 21504K, reserved 1114112K
  class space    used 2544K, committed 2688K, reserved 1048576K
}
Event: 10.331 GC heap before
{Heap before GC invocations=6 (full 0):
 garbage-first heap   total 45056K, used 33950K [0x00000000c1400000, 0x0000000100000000)
  region size 1024K, 26 young (26624K), 3 survivors (3072K)
 Metaspace       used 25656K, committed 26112K, reserved 1114112K
  class space    used 3126K, committed 3328K, reserved 1048576K
}
Event: 10.341 GC heap after
{Heap after GC invocations=7 (full 0):
 garbage-first heap   total 45056K, used 13447K [0x00000000c1400000, 0x0000000100000000)
  region size 1024K, 3 young (3072K), 3 survivors (3072K)
 Metaspace       used 25656K, committed 26112K, reserved 1114112K
  class space    used 3126K, committed 3328K, reserved 1048576K
}
Event: 11.492 GC heap before
{Heap before GC invocations=7 (full 0):
 garbage-first heap   total 45056K, used 30855K [0x00000000c1400000, 0x0000000100000000)
  region size 1024K, 20 young (20480K), 3 survivors (3072K)
 Metaspace       used 28127K, committed 28608K, reserved 1114112K
  class space    used 3466K, committed 3712K, reserved 1048576K
}
Event: 11.501 GC heap after
{Heap after GC invocations=8 (full 0):
 garbage-first heap   total 45056K, used 15479K [0x00000000c1400000, 0x0000000100000000)
  region size 1024K, 3 young (3072K), 3 survivors (3072K)
 Metaspace       used 28127K, committed 28608K, reserved 1114112K
  class space    used 3466K, committed 3712K, reserved 1048576K
}
Event: 12.747 GC heap before
{Heap before GC invocations=8 (full 0):
 garbage-first heap   total 45056K, used 31863K [0x00000000c1400000, 0x0000000100000000)
  region size 1024K, 19 young (19456K), 3 survivors (3072K)
 Metaspace       used 30907K, committed 31488K, reserved 1114112K
  class space    used 3871K, committed 4160K, reserved 1048576K
}
Event: 12.755 GC heap after
{Heap after GC invocations=9 (full 0):
 garbage-first heap   total 45056K, used 16997K [0x00000000c1400000, 0x0000000100000000)
  region size 1024K, 2 young (2048K), 2 survivors (2048K)
 Metaspace       used 30907K, committed 31488K, reserved 1114112K
  class space    used 3871K, committed 4160K, reserved 1048576K
}
Event: 22.877 GC heap before
{Heap before GC invocations=9 (full 0):
 garbage-first heap   total 45056K, used 31333K [0x00000000c1400000, 0x0000000100000000)
  region size 1024K, 17 young (17408K), 2 survivors (2048K)
 Metaspace       used 33200K, committed 33792K, reserved 1114112K
  class space    used 4157K, committed 4416K, reserved 1048576K
}
Event: 22.886 GC heap after
{Heap after GC invocations=10 (full 0):
 garbage-first heap   total 45056K, used 18216K [0x00000000c1400000, 0x0000000100000000)
  region size 1024K, 3 young (3072K), 3 survivors (3072K)
 Metaspace       used 33200K, committed 33792K, reserved 1114112K
  class space    used 4157K, committed 4416K, reserved 1048576K
}

