# JRE version: Java(TM) SE Runtime Environment (17.0.11+7) (build 17.0.11+7-LTS-207)
# Java VM: Java HotSpot(TM) 64-Bit Server VM (17.0.11+7-LTS-207, mixed mode, sharing, tiered, compressed oops, compressed class ptrs, g1 gc, windows-amd64)
GC Precious Log:
 CPUs: 4 total, 4 available
 Memory: 4012M
 Large Page Support: Disabled
 NUMA Support: Disabled
 Compressed Oops: Enabled (32-bit)
 Heap Region Size: 1M
 Heap Min Capacity: 8M
 Heap Initial Capacity: 64M
 Heap Max Capacity: 1004M
 Pre-touch: Disabled
 Parallel Workers: 4
 Concurrent Workers: 1
 Concurrent Refinement Workers: 4
 Periodic GC: Disabled
Heap:
 garbage-first heap   total 65536K, used 24576K [0x00000000c1400000, 0x0000000100000000)
  region size 1024K, 3 young (3072K), 3 survivors (3072K)
 Metaspace       used 16950K, committed 17152K, reserved 1114112K
  class space    used 1975K, committed 2048K, reserved 1048576K
GC Heap History (13 events):
Event: 1.231 GC heap before
{Heap before GC invocations=0 (full 0):
 garbage-first heap   total 65536K, used 13312K [0x00000000c1400000, 0x0000000100000000)
  region size 1024K, 13 young (13312K), 0 survivors (0K)
 Metaspace       used 3473K, committed 3584K, reserved 1114112K
  class space    used 362K, committed 384K, reserved 1048576K
}
Event: 1.256 GC heap after
{Heap after GC invocations=1 (full 0):
 garbage-first heap   total 65536K, used 3520K [0x00000000c1400000, 0x0000000100000000)
  region size 1024K, 2 young (2048K), 2 survivors (2048K)
 Metaspace       used 3473K, committed 3584K, reserved 1114112K
  class space    used 362K, committed 384K, reserved 1048576K
}
Event: 1.859 GC heap before
{Heap before GC invocations=1 (full 0):
 garbage-first heap   total 65536K, used 14784K [0x00000000c1400000, 0x0000000100000000)
  region size 1024K, 13 young (13312K), 2 survivors (2048K)
 Metaspace       used 5547K, committed 5760K, reserved 1114112K
  class space    used 661K, committed 768K, reserved 1048576K
}
Event: 1.866 GC heap after
{Heap after GC invocations=2 (full 0):
 garbage-first heap   total 65536K, used 4394K [0x00000000c1400000, 0x0000000100000000)
  region size 1024K, 1 young (1024K), 1 survivors (1024K)
 Metaspace       used 5547K, committed 5760K, reserved 1114112K
  class space    used 661K, committed 768K, reserved 1048576K
}
Event: 3.098 GC heap before
{Heap before GC invocations=2 (full 0):
 garbage-first heap   total 65536K, used 28970K [0x00000000c1400000, 0x0000000100000000)
  region size 1024K, 26 young (26624K), 1 survivors (1024K)
 Metaspace       used 8788K, committed 8960K, reserved 1114112K
  class space    used 1047K, committed 1152K, reserved 1048576K
}
Event: 3.106 GC heap after
{Heap after GC invocations=3 (full 0):
 garbage-first heap   total 65536K, used 5535K [0x00000000c1400000, 0x0000000100000000)
  region size 1024K, 2 young (2048K), 2 survivors (2048K)
 Metaspace       used 8788K, committed 8960K, reserved 1114112K
  class space    used 1047K, committed 1152K, reserved 1048576K
}
Event: 6.135 GC heap before
{Heap before GC invocations=3 (full 0):
 garbage-first heap   total 65536K, used 39327K [0x00000000c1400000, 0x0000000100000000)
  region size 1024K, 35 young (35840K), 2 survivors (2048K)
 Metaspace       used 14764K, committed 15040K, reserved 1114112K
  class space    used 1791K, committed 1920K, reserved 1048576K
}
Event: 6.157 GC heap after
{Heap after GC invocations=4 (full 0):
 garbage-first heap   total 65536K, used 9255K [0x00000000c1400000, 0x0000000100000000)
  region size 1024K, 5 young (5120K), 5 survivors (5120K)
 Metaspace       used 14764K, committed 15040K, reserved 1114112K
  class space    used 1791K, committed 1920K, reserved 1048576K
}
Event: 7.809 GC heap before
{Heap before GC invocations=4 (full 0):
 garbage-first heap   total 65536K, used 42023K [0x00000000c1400000, 0x0000000100000000)
  region size 1024K, 37 young (37888K), 5 survivors (5120K)
 Metaspace       used 15645K, committed 15872K, reserved 1114112K
  class space    used 1857K, committed 1920K, reserved 1048576K
}
Event: 7.841 GC heap after
{Heap after GC invocations=5 (full 0):
 garbage-first heap   total 65536K, used 13464K [0x00000000c1400000, 0x0000000100000000)
  region size 1024K, 5 young (5120K), 5 survivors (5120K)
 Metaspace       used 15645K, committed 15872K, reserved 1114112K
  class space    used 1857K, committed 1920K, reserved 1048576K
}
Event: 9.442 GC heap before
{Heap before GC invocations=5 (full 0):
 garbage-first heap   total 65536K, used 44184K [0x00000000c1400000, 0x0000000100000000)
  region size 1024K, 35 young (35840K), 5 survivors (5120K)
 Metaspace       used 16064K, committed 16320K, reserved 1114112K
  class space    used 1874K, committed 1984K, reserved 1048576K
}
Event: 9.465 GC heap after
{Heap after GC invocations=6 (full 0):
 garbage-first heap   total 65536K, used 15786K [0x00000000c1400000, 0x0000000100000000)
  region size 1024K, 3 young (3072K), 3 survivors (3072K)
 Metaspace       used 16064K, committed 16320K, reserved 1114112K
  class space    used 1874K, committed 1984K, reserved 1048576K
}
Event: 10.081 GC heap before
{Heap before GC invocations=6 (full 0):
 garbage-first heap   total 65536K, used 36266K [0x00000000c1400000, 0x0000000100000000)
  region size 1024K, 16 young (16384K), 3 survivors (3072K)
 Metaspace       used 16950K, committed 17152K, reserved 1114112K
  class space    used 1975K, committed 2048K, reserved 1048576K
}

