# JRE version: OpenJDK Runtime Environment Corretto-18.0.2.9.1 (18.0.2+9) (build 18.0.2+9-FR)
# Java VM: OpenJDK 64-Bit Server VM Corretto-18.0.2.9.1 (18.0.2+9-FR, mixed mode, sharing, tiered, compressed oops, compressed class ptrs, g1 gc, windows-amd64)
GC Precious Log:
 CardTable entry size: 512
 Card Set container configuration: InlinePtr #cards 5 size 8 Array Of Cards #cards 12 size 40 Howl #buckets 4 coarsen threshold 1843 Howl Bitmap #cards 512 size 80 coarsen threshold 460 Card regions per heap region 1 cards per card region 2048
 CPUs: 4 total, 4 available
 Memory: 4012M
 Large Page Support: Disabled
 NUMA Support: Disabled
 Compressed Oops: Enabled (32-bit)
 Heap Region Size: 1M
 Heap Min Capacity: 8M
 Heap Initial Capacity: 64M
 Heap Max Capacity: 1004M
 Pre-touch: Disabled
 Parallel Workers: 4
 Concurrent Workers: 1
 Concurrent Refinement Workers: 4
 Periodic GC: Disabled
Heap:
 garbage-first heap   total 65536K, used 24580K [0x00000000c1400000, 0x0000000100000000)
  region size 1024K, 20 young (20480K), 5 survivors (5120K)
 Metaspace       used 20380K, committed 20672K, reserved 1114112K
  class space    used 2456K, committed 2624K, reserved 1048576K
GC Heap History (8 events):
Event: 2.043 GC heap before
{Heap before GC invocations=0 (full 0):
 garbage-first heap   total 65536K, used 13312K [0x00000000c1400000, 0x0000000100000000)
  region size 1024K, 13 young (13312K), 0 survivors (0K)
 Metaspace       used 4102K, committed 4288K, reserved 1114112K
  class space    used 414K, committed 512K, reserved 1048576K
}
Event: 2.084 GC heap after
{Heap after GC invocations=1 (full 0):
 garbage-first heap   total 65536K, used 4389K [0x00000000c1400000, 0x0000000100000000)
  region size 1024K, 2 young (2048K), 2 survivors (2048K)
 Metaspace       used 4102K, committed 4288K, reserved 1114112K
  class space    used 414K, committed 512K, reserved 1048576K
}
Event: 3.576 GC heap before
{Heap before GC invocations=1 (full 0):
 garbage-first heap   total 65536K, used 15653K [0x00000000c1400000, 0x0000000100000000)
  region size 1024K, 13 young (13312K), 2 survivors (2048K)
 Metaspace       used 7028K, committed 7232K, reserved 1114112K
  class space    used 795K, committed 896K, reserved 1048576K
}
Event: 3.587 GC heap after
{Heap after GC invocations=2 (full 0):
 garbage-first heap   total 65536K, used 5504K [0x00000000c1400000, 0x0000000100000000)
  region size 1024K, 1 young (1024K), 1 survivors (1024K)
 Metaspace       used 7028K, committed 7232K, reserved 1114112K
  class space    used 795K, committed 896K, reserved 1048576K
}
Event: 5.048 GC heap before
{Heap before GC invocations=2 (full 0):
 garbage-first heap   total 65536K, used 28032K [0x00000000c1400000, 0x0000000100000000)
  region size 1024K, 24 young (24576K), 1 survivors (1024K)
 Metaspace       used 13010K, committed 13248K, reserved 1114112K
  class space    used 1515K, committed 1600K, reserved 1048576K
}
Event: 5.057 GC heap after
{Heap after GC invocations=3 (full 0):
 garbage-first heap   total 65536K, used 7404K [0x00000000c1400000, 0x0000000100000000)
  region size 1024K, 3 young (3072K), 3 survivors (3072K)
 Metaspace       used 13010K, committed 13248K, reserved 1114112K
  class space    used 1515K, committed 1600K, reserved 1048576K
}
Event: 6.943 GC heap before
{Heap before GC invocations=3 (full 0):
 garbage-first heap   total 65536K, used 39148K [0x00000000c1400000, 0x0000000100000000)
  region size 1024K, 35 young (35840K), 3 survivors (3072K)
 Metaspace       used 18318K, committed 18624K, reserved 1114112K
  class space    used 2197K, committed 2368K, reserved 1048576K
}
Event: 6.963 GC heap after
{Heap after GC invocations=4 (full 0):
 garbage-first heap   total 65536K, used 10244K [0x00000000c1400000, 0x0000000100000000)
  region size 1024K, 5 young (5120K), 5 survivors (5120K)
 Metaspace       used 18318K, committed 18624K, reserved 1114112K
  class space    used 2197K, committed 2368K, reserved 1048576K
}

