# JRE version: OpenJDK Runtime Environment Corretto-18.0.2.9.1 (18.0.2+9) (build 18.0.2+9-FR)
# Java VM: OpenJDK 64-Bit Server VM Corretto-18.0.2.9.1 (18.0.2+9-FR, mixed mode, sharing, tiered, compressed oops, compressed class ptrs, g1 gc, windows-amd64)
GC Precious Log:
 CardTable entry size: 512
 Card Set container configuration: InlinePtr #cards 5 size 8 Array Of Cards #cards 12 size 40 Howl #buckets 4 coarsen threshold 1843 Howl Bitmap #cards 512 size 80 coarsen threshold 460 Card regions per heap region 1 cards per card region 2048
 CPUs: 4 total, 4 available
 Memory: 4012M
 Large Page Support: Disabled
 NUMA Support: Disabled
 Compressed Oops: Enabled (32-bit)
 Heap Region Size: 1M
 Heap Min Capacity: 8M
 Heap Initial Capacity: 64M
 Heap Max Capacity: 1004M
 Pre-touch: Disabled
 Parallel Workers: 4
 Concurrent Workers: 1
 Concurrent Refinement Workers: 4
 Periodic GC: Disabled
Heap:
 garbage-first heap   total 45056K, used 28793K [0x00000000c1400000, 0x0000000100000000)
  region size 1024K, 15 young (15360K), 2 survivors (2048K)
 Metaspace       used 34854K, committed 35520K, reserved 1114112K
  class space    used 4428K, committed 4736K, reserved 1048576K
GC Heap History (16 events):
Event: 1.956 GC heap before
{Heap before GC invocations=0 (full 0):
 garbage-first heap   total 65536K, used 13312K [0x00000000c1400000, 0x0000000100000000)
  region size 1024K, 13 young (13312K), 0 survivors (0K)
 Metaspace       used 4078K, committed 4288K, reserved 1114112K
  class space    used 413K, committed 512K, reserved 1048576K
}
Event: 1.981 GC heap after
{Heap after GC invocations=1 (full 0):
 garbage-first heap   total 65536K, used 4416K [0x00000000c1400000, 0x0000000100000000)
  region size 1024K, 2 young (2048K), 2 survivors (2048K)
 Metaspace       used 4078K, committed 4288K, reserved 1114112K
  class space    used 413K, committed 512K, reserved 1048576K
}
Event: 3.529 GC heap before
{Heap before GC invocations=1 (full 0):
 garbage-first heap   total 65536K, used 15680K [0x00000000c1400000, 0x0000000100000000)
  region size 1024K, 13 young (13312K), 2 survivors (2048K)
 Metaspace       used 6974K, committed 7232K, reserved 1114112K
  class space    used 793K, committed 896K, reserved 1048576K
}
Event: 3.534 GC heap after
{Heap after GC invocations=2 (full 0):
 garbage-first heap   total 65536K, used 5438K [0x00000000c1400000, 0x0000000100000000)
  region size 1024K, 1 young (1024K), 1 survivors (1024K)
 Metaspace       used 6974K, committed 7232K, reserved 1114112K
  class space    used 793K, committed 896K, reserved 1048576K
}
Event: 4.892 GC heap before
{Heap before GC invocations=2 (full 0):
 garbage-first heap   total 65536K, used 27966K [0x00000000c1400000, 0x0000000100000000)
  region size 1024K, 24 young (24576K), 1 survivors (1024K)
 Metaspace       used 12874K, committed 13120K, reserved 1114112K
  class space    used 1493K, committed 1600K, reserved 1048576K
}
Event: 4.901 GC heap after
{Heap after GC invocations=3 (full 0):
 garbage-first heap   total 65536K, used 7280K [0x00000000c1400000, 0x0000000100000000)
  region size 1024K, 3 young (3072K), 3 survivors (3072K)
 Metaspace       used 12874K, committed 13120K, reserved 1114112K
  class space    used 1493K, committed 1600K, reserved 1048576K
}
Event: 6.613 GC heap before
{Heap before GC invocations=3 (full 0):
 garbage-first heap   total 65536K, used 39024K [0x00000000c1400000, 0x0000000100000000)
  region size 1024K, 35 young (35840K), 3 survivors (3072K)
 Metaspace       used 18267K, committed 18624K, reserved 1114112K
  class space    used 2193K, committed 2368K, reserved 1048576K
}
Event: 6.630 GC heap after
{Heap after GC invocations=4 (full 0):
 garbage-first heap   total 65536K, used 10280K [0x00000000c1400000, 0x0000000100000000)
  region size 1024K, 5 young (5120K), 5 survivors (5120K)
 Metaspace       used 18267K, committed 18624K, reserved 1114112K
  class space    used 2193K, committed 2368K, reserved 1048576K
}
Event: 7.724 GC heap before
{Heap before GC invocations=4 (full 0):
 garbage-first heap   total 65536K, used 29736K [0x00000000c1400000, 0x0000000100000000)
  region size 1024K, 25 young (25600K), 5 survivors (5120K)
 Metaspace       used 21205K, committed 21504K, reserved 1114112K
  class space    used 2573K, committed 2752K, reserved 1048576K
}
Event: 7.740 GC heap after
{Heap after GC invocations=5 (full 0):
 garbage-first heap   total 65536K, used 11363K [0x00000000c1400000, 0x0000000100000000)
  region size 1024K, 2 young (2048K), 2 survivors (2048K)
 Metaspace       used 21205K, committed 21504K, reserved 1114112K
  class space    used 2573K, committed 2752K, reserved 1048576K
}
Event: 9.380 GC heap before
{Heap before GC invocations=6 (full 0):
 garbage-first heap   total 45056K, used 35939K [0x00000000c1400000, 0x0000000100000000)
  region size 1024K, 26 young (26624K), 2 survivors (2048K)
 Metaspace       used 26230K, committed 26688K, reserved 1114112K
  class space    used 3238K, committed 3456K, reserved 1048576K
}
Event: 9.393 GC heap after
{Heap after GC invocations=7 (full 0):
 garbage-first heap   total 45056K, used 13466K [0x00000000c1400000, 0x0000000100000000)
  region size 1024K, 4 young (4096K), 4 survivors (4096K)
 Metaspace       used 26230K, committed 26688K, reserved 1114112K
  class space    used 3238K, committed 3456K, reserved 1048576K
}
Event: 10.290 GC heap before
{Heap before GC invocations=7 (full 0):
 garbage-first heap   total 45056K, used 31898K [0x00000000c1400000, 0x0000000100000000)
  region size 1024K, 22 young (22528K), 4 survivors (4096K)
 Metaspace       used 28907K, committed 29440K, reserved 1114112K
  class space    used 3627K, committed 3904K, reserved 1048576K
}
Event: 10.303 GC heap after
{Heap after GC invocations=8 (full 0):
 garbage-first heap   total 45056K, used 15738K [0x00000000c1400000, 0x0000000100000000)
  region size 1024K, 3 young (3072K), 3 survivors (3072K)
 Metaspace       used 28907K, committed 29440K, reserved 1114112K
  class space    used 3627K, committed 3904K, reserved 1048576K
}
Event: 11.465 GC heap before
{Heap before GC invocations=8 (full 0):
 garbage-first heap   total 45056K, used 30074K [0x00000000c1400000, 0x0000000100000000)
  region size 1024K, 18 young (18432K), 3 survivors (3072K)
 Metaspace       used 31521K, committed 32128K, reserved 1114112K
  class space    used 4007K, committed 4288K, reserved 1048576K
}
Event: 11.482 GC heap after
{Heap after GC invocations=9 (full 0):
 garbage-first heap   total 45056K, used 17529K [0x00000000c1400000, 0x0000000100000000)
  region size 1024K, 2 young (2048K), 2 survivors (2048K)
 Metaspace       used 31521K, committed 32128K, reserved 1114112K
  class space    used 4007K, committed 4288K, reserved 1048576K
}

