# JRE version: OpenJDK Runtime Environment Corretto-18.0.2.9.1 (18.0.2+9) (build 18.0.2+9-FR)
# Java VM: OpenJDK 64-Bit Server VM Corretto-18.0.2.9.1 (18.0.2+9-FR, mixed mode, sharing, tiered, compressed oops, compressed class ptrs, g1 gc, windows-amd64)
GC Precious Log:
 CardTable entry size: 512
 Card Set container configuration: InlinePtr #cards 5 size 8 Array Of Cards #cards 12 size 40 Howl #buckets 4 coarsen threshold 1843 Howl Bitmap #cards 512 size 80 coarsen threshold 460 Card regions per heap region 1 cards per card region 2048
 CPUs: 4 total, 4 available
 Memory: 4012M
 Large Page Support: Disabled
 NUMA Support: Disabled
 Compressed Oops: Enabled (32-bit)
 Heap Region Size: 1M
 Heap Min Capacity: 8M
 Heap Initial Capacity: 64M
 Heap Max Capacity: 1004M
 Pre-touch: Disabled
 Parallel Workers: 4
 Concurrent Workers: 1
 Concurrent Refinement Workers: 4
 Periodic GC: Disabled
Heap:
 garbage-first heap   total 40960K, used 22750K [0x00000000c1400000, 0x0000000100000000)
  region size 1024K, 5 young (5120K), 1 survivors (1024K)
 Metaspace       used 36522K, committed 37248K, reserved 1114112K
  class space    used 4721K, committed 5056K, reserved 1048576K
GC Heap History (20 events):
Event: 4.441 GC heap before
{Heap before GC invocations=2 (full 0):
 garbage-first heap   total 65536K, used 26971K [0x00000000c1400000, 0x0000000100000000)
  region size 1024K, 23 young (23552K), 1 survivors (1024K)
 Metaspace       used 12317K, committed 12608K, reserved 1114112K
  class space    used 1583K, committed 1728K, reserved 1048576K
}
Event: 4.454 GC heap after
{Heap after GC invocations=3 (full 0):
 garbage-first heap   total 65536K, used 7109K [0x00000000c1400000, 0x0000000100000000)
  region size 1024K, 3 young (3072K), 3 survivors (3072K)
 Metaspace       used 12317K, committed 12608K, reserved 1114112K
  class space    used 1583K, committed 1728K, reserved 1048576K
}
Event: 6.095 GC heap before
{Heap before GC invocations=3 (full 0):
 garbage-first heap   total 65536K, used 38853K [0x00000000c1400000, 0x0000000100000000)
  region size 1024K, 35 young (35840K), 3 survivors (3072K)
 Metaspace       used 19261K, committed 19520K, reserved 1114112K
  class space    used 2403K, committed 2560K, reserved 1048576K
}
Event: 6.109 GC heap after
{Heap after GC invocations=4 (full 0):
 garbage-first heap   total 65536K, used 9712K [0x00000000c1400000, 0x0000000100000000)
  region size 1024K, 5 young (5120K), 5 survivors (5120K)
 Metaspace       used 19261K, committed 19520K, reserved 1114112K
  class space    used 2403K, committed 2560K, reserved 1048576K
}
Event: 6.910 GC heap before
{Heap before GC invocations=4 (full 0):
 garbage-first heap   total 65536K, used 26096K [0x00000000c1400000, 0x0000000100000000)
  region size 1024K, 22 young (22528K), 5 survivors (5120K)
 Metaspace       used 21278K, committed 21504K, reserved 1114112K
  class space    used 2648K, committed 2752K, reserved 1048576K
}
Event: 6.925 GC heap after
{Heap after GC invocations=5 (full 0):
 garbage-first heap   total 65536K, used 11046K [0x00000000c1400000, 0x0000000100000000)
  region size 1024K, 4 young (4096K), 4 survivors (4096K)
 Metaspace       used 21278K, committed 21504K, reserved 1114112K
  class space    used 2648K, committed 2752K, reserved 1048576K
}
Event: 8.214 GC heap before
{Heap before GC invocations=6 (full 0):
 garbage-first heap   total 40960K, used 30502K [0x00000000c1400000, 0x0000000100000000)
  region size 1024K, 24 young (24576K), 4 survivors (4096K)
 Metaspace       used 24923K, committed 25344K, reserved 1114112K
  class space    used 3143K, committed 3328K, reserved 1048576K
}
Event: 8.225 GC heap after
{Heap after GC invocations=7 (full 0):
 garbage-first heap   total 40960K, used 12970K [0x00000000c1400000, 0x0000000100000000)
  region size 1024K, 3 young (3072K), 3 survivors (3072K)
 Metaspace       used 24923K, committed 25344K, reserved 1114112K
  class space    used 3143K, committed 3328K, reserved 1048576K
}
Event: 8.281 GC heap before
{Heap before GC invocations=7 (full 0):
 garbage-first heap   total 40960K, used 13994K [0x00000000c1400000, 0x0000000100000000)
  region size 1024K, 4 young (4096K), 3 survivors (3072K)
 Metaspace       used 25233K, committed 25600K, reserved 1114112K
  class space    used 3178K, committed 3328K, reserved 1048576K
}
Event: 8.288 GC heap after
{Heap after GC invocations=8 (full 0):
 garbage-first heap   total 40960K, used 13380K [0x00000000c1400000, 0x0000000100000000)
  region size 1024K, 1 young (1024K), 1 survivors (1024K)
 Metaspace       used 25233K, committed 25600K, reserved 1114112K
  class space    used 3178K, committed 3328K, reserved 1048576K
}
Event: 9.171 GC heap before
{Heap before GC invocations=8 (full 0):
 garbage-first heap   total 40960K, used 28740K [0x00000000c1400000, 0x0000000100000000)
  region size 1024K, 16 young (16384K), 1 survivors (1024K)
 Metaspace       used 28247K, committed 28672K, reserved 1114112K
  class space    used 3565K, committed 3776K, reserved 1048576K
}
Event: 9.176 GC heap after
{Heap after GC invocations=9 (full 0):
 garbage-first heap   total 40960K, used 14463K [0x00000000c1400000, 0x0000000100000000)
  region size 1024K, 2 young (2048K), 2 survivors (2048K)
 Metaspace       used 28247K, committed 28672K, reserved 1114112K
  class space    used 3565K, committed 3776K, reserved 1048576K
}
Event: 9.964 GC heap before
{Heap before GC invocations=9 (full 0):
 garbage-first heap   total 40960K, used 29823K [0x00000000c1400000, 0x0000000100000000)
  region size 1024K, 17 young (17408K), 2 survivors (2048K)
 Metaspace       used 30358K, committed 30912K, reserved 1114112K
  class space    used 3873K, committed 4160K, reserved 1048576K
}
Event: 9.973 GC heap after
{Heap after GC invocations=10 (full 0):
 garbage-first heap   total 40960K, used 16185K [0x00000000c1400000, 0x0000000100000000)
  region size 1024K, 3 young (3072K), 3 survivors (3072K)
 Metaspace       used 30358K, committed 30912K, reserved 1114112K
  class space    used 3873K, committed 4160K, reserved 1048576K
}
Event: 10.701 GC heap before
{Heap before GC invocations=10 (full 0):
 garbage-first heap   total 40960K, used 29497K [0x00000000c1400000, 0x0000000100000000)
  region size 1024K, 17 young (17408K), 3 survivors (3072K)
 Metaspace       used 33111K, committed 33728K, reserved 1114112K
  class space    used 4274K, committed 4544K, reserved 1048576K
}
Event: 10.713 GC heap after
{Heap after GC invocations=11 (full 0):
 garbage-first heap   total 40960K, used 17955K [0x00000000c1400000, 0x0000000100000000)
  region size 1024K, 2 young (2048K), 2 survivors (2048K)
 Metaspace       used 33111K, committed 33728K, reserved 1114112K
  class space    used 4274K, committed 4544K, reserved 1048576K
}
Event: 11.412 GC heap before
{Heap before GC invocations=11 (full 0):
 garbage-first heap   total 40960K, used 31267K [0x00000000c1400000, 0x0000000100000000)
  region size 1024K, 15 young (15360K), 2 survivors (2048K)
 Metaspace       used 34841K, committed 35520K, reserved 1114112K
  class space    used 4503K, committed 4864K, reserved 1048576K
}
Event: 11.419 GC heap after
{Heap after GC invocations=12 (full 0):
 garbage-first heap   total 40960K, used 19200K [0x00000000c1400000, 0x0000000100000000)
  region size 1024K, 2 young (2048K), 2 survivors (2048K)
 Metaspace       used 34841K, committed 35520K, reserved 1114112K
  class space    used 4503K, committed 4864K, reserved 1048576K
}
Event: 31.097 GC heap before
{Heap before GC invocations=12 (full 0):
 garbage-first heap   total 40960K, used 21248K [0x00000000c1400000, 0x0000000100000000)
  region size 1024K, 5 young (5120K), 2 survivors (2048K)
 Metaspace       used 35384K, committed 35968K, reserved 1114112K
  class space    used 4565K, committed 4864K, reserved 1048576K
}
Event: 31.101 GC heap after
{Heap after GC invocations=13 (full 0):
 garbage-first heap   total 40960K, used 19678K [0x00000000c1400000, 0x0000000100000000)
  region size 1024K, 1 young (1024K), 1 survivors (1024K)
 Metaspace       used 35384K, committed 35968K, reserved 1114112K
  class space    used 4565K, committed 4864K, reserved 1048576K
}

