<?xml version="1.0" encoding="UTF-8"?>
<testsuite xmlns:xsi="http://www.w3.org/2001/XMLSchema-instance" xsi:noNamespaceSchemaLocation="https://maven.apache.org/surefire/maven-surefire-plugin/xsd/surefire-test-report-3.0.xsd" version="3.0" name="com.smart_host.hotelallocation.HotelallocationApplicationTests" time="8.908" tests="1" errors="0" skipped="0" failures="0">
  <properties>
[...]
</properties>
  <testcase name="contextLoads" classname="com.smart_host.hotelallocation.HotelallocationApplicationTests" time="2.206">
    <system-out><![CDATA[23:08:49.335 [main] INFO org.springframework.test.context.support.AnnotationConfigContextLoaderUtils -- Could not detect default configuration classes for test class [com.smart_host.hotelallocation.HotelallocationApplicationTests]: HotelallocationApplicationTests does not declare any static, non-private, non-final, nested classes annotated with @Configuration.
23:08:49.604 [main] INFO org.springframework.boot.test.context.SpringBootTestContextBootstrapper -- Found @SpringBootConfiguration com.smart_host.hotelallocation.HotelallocationApplication for test class com.smart_host.hotelallocation.HotelallocationApplicationTests
23:08:50.124 [main] INFO org.springframework.boot.devtools.restart.RestartApplicationListener -- Restart disabled due to context in which it is running

  .   ____          _            __ _ _
 /\\ / ___'_ __ _ _(_)_ __  __ _ \ \ \ \
( ( )\___ | '_ | '_| | '_ \/ _` | \ \ \ \
 \\/  ___)| |_)| | | | | || (_| |  ) ) ) )
  '  |____| .__|_| |_|_| |_\__, | / / / /
 =========|_|==============|___/=/_/_/_/

 :: Spring Boot ::                (v3.3.1)

2024-07-17T23:08:50.856+02:00  INFO 12280 --- [hotelallocation] [           main] c.s.h.HotelallocationApplicationTests    : Starting HotelallocationApplicationTests using Java 17.0.11 with PID 12280 (started by ERIN_JAVALead in C:\Users\ERIN_JAVALead\Downloads\hotelallocation\hotelallocation)
2024-07-17T23:08:50.864+02:00  INFO 12280 --- [hotelallocation] [           main] c.s.h.HotelallocationApplicationTests    : No active profile set, falling back to 1 default profile: "default"
2024-07-17T23:08:55.565+02:00  INFO 12280 --- [hotelallocation] [           main] c.s.h.HotelallocationApplicationTests    : Started HotelallocationApplicationTests in 5.477 seconds (process running for 7.973)
]]></system-out>
  </testcase>
</testsuite>